Cost at iter 0 (mbsize 10000): 3389277949
Cost at iter 10 (mbsize 10000): 2277992688.0170440674
Distance between old and new centers: 1414.32446289
Cost at iter 20 (mbsize 10000): 2284689572.0925445557
Cost at iter 30 (mbsize 10000): 2277888905.289100647
Distance between old and new centers: 949.744567871
Cost at iter 40 (mbsize 10000): 2282854550.6664009094
Cost at iter 49 (mbsize 10000): 2277771605.8967437744
Distance between old and new centers: 982.410644531
Maximum iterations [50] reached
clustering for 50 rounds, from cost 3389277949->2277771605.9, in 14488.5ms
terminate called after throwing an instance of 'std::runtime_error'
terminate called recursively
terminate called recursively
terminate called recursively
terminate called recursively
Command terminated by signal 6
	Command being timed: "python3 pipeline.py -M3 -M4 -M5 -M7 -M9 -M10 -M15 --densify --dataset cao2m --nthreads 20 --maxiter 50 --mbsize 10000 --prior 1. --hvg 1000 --lspp 25"
	User time (seconds): 701.98
	System time (seconds): 431.36
	Percent of CPU this job got: 393%
	Elapsed (wall clock) time (h:mm:ss or m:ss): 4:48.23
	Average shared text size (kbytes): 0
	Average unshared data size (kbytes): 0
	Average stack size (kbytes): 0
	Average total size (kbytes): 0
	Maximum resident set size (kbytes): 51476396
	Average resident set size (kbytes): 0
	Major (requiring I/O) page faults: 0
	Minor (reclaiming a frame) page faults: 66349746
	Voluntary context switches: 39530
	Involuntary context switches: 2313
	Swaps: 0
	File system inputs: 0
	File system outputs: 24
	Socket messages sent: 0
	Socket messages received: 0
	Signals delivered: 0
	Page size (bytes): 4096
	Exit status: 0
