Cost at iter 0 (mbsize 10000): 2807485696
Cost at iter 10 (mbsize 10000): 1939498368
Distance between old and new centers: 1805.15234375
Cost at iter 20 (mbsize 10000): 1934914304
Distance between old and new centers: 1117.10766602
Cost at iter 30 (mbsize 10000): 1927103104
Distance between old and new centers: 1374.25793457
Cost at iter 40 (mbsize 10000): 1933469696
Cost at iter 49 (mbsize 10000): 1924224256
Distance between old and new centers: 1367.0065918
Maximum iterations [50] reached
clustering for 50 rounds, from cost 2807485696->1924224256, in 48124.7ms
Cost at iter 0 (mbsize 10000): 407138.0625
Cost at iter 10 (mbsize 10000): 341096.125
Distance between old and new centers: 1209.10388184
Cost at iter 20 (mbsize 10000): 340894.25
Distance between old and new centers: 333.259979248
Cost at iter 30 (mbsize 10000): 340998.3125
Cost at iter 40 (mbsize 10000): 341079.0625
Cost at iter 49 (mbsize 10000): 341211.8125
Maximum iterations [50] reached
clustering for 50 rounds, from cost 407138.0625->340894.25, in 107253ms
Cost at iter 0 (mbsize 10000): 90973.8203125
Cost at iter 10 (mbsize 10000): 59825.30078125
Distance between old and new centers: 1051.74365234
Cost at iter 20 (mbsize 10000): 59758.171875
Distance between old and new centers: 431.623474121
Cost at iter 30 (mbsize 10000): 59794.84375
Cost at iter 40 (mbsize 10000): 59587.671875
Distance between old and new centers: 488.757263184
Cost at iter 49 (mbsize 10000): 59558.03515625
Distance between old and new centers: 211.450408936
Maximum iterations [50] reached
clustering for 50 rounds, from cost 90973.8203125->59558.0351562, in 107471ms
Cost at iter 0 (mbsize 10000): 352595.84375
Cost at iter 10 (mbsize 10000): 241386.9375
Distance between old and new centers: 1300.89038086
Cost at iter 20 (mbsize 10000): 241147.546875
Distance between old and new centers: 586.343139648
Cost at iter 30 (mbsize 10000): 241558.890625
Cost at iter 40 (mbsize 10000): 241471
Cost at iter 49 (mbsize 10000): 241697.875
Maximum iterations [50] reached
clustering for 50 rounds, from cost 352595.84375->241147.546875, in 90393.2ms
Cost at iter 0 (mbsize 10000): 431139.375
Cost at iter 10 (mbsize 10000): 371879.1875
Distance between old and new centers: 794.760986328
Cost at iter 20 (mbsize 10000): 374278.15625
Cost at iter 30 (mbsize 10000): 373669.25
Cost at iter 40 (mbsize 10000): 373697.96875
Cost at iter 49 (mbsize 10000): 374367.59375
Maximum iterations [50] reached
clustering for 50 rounds, from cost 431139.375->371879.1875, in 49449.6ms
