Cost at iter 0 (mbsize 10000): 2792833593
Cost at iter 10 (mbsize 10000): 1923072490.2479534149
Distance between old and new centers: 1587.52246094
Cost at iter 20 (mbsize 10000): 1918364202.3014047146
Distance between old and new centers: 533.85168457
Cost at iter 30 (mbsize 10000): 1918686481.2143015862
Cost at iter 40 (mbsize 10000): 1924040944.1049609184
Cost at iter 49 (mbsize 10000): 1919986352.1361322403
Maximum iterations [50] reached
clustering for 50 rounds, from cost 2792833593->1918364202.3, in 10189.9ms
terminate called after throwing an instance of 'std::runtime_error'
terminate called recursively
  what():  Nested parallel sections detected
terminate called recursively
Command terminated by signal 6
	Command being timed: "python3 pipeline.py -M3 -M4 -M5 -M7 -M9 -M10 -M15 --densify --dataset cao2m --nthreads 20 --maxiter 50 --mbsize 10000 --prior 0.1 --hvg 500 --lspp 25"
	User time (seconds): 503.84
	System time (seconds): 592.92
	Percent of CPU this job got: 486%
	Elapsed (wall clock) time (h:mm:ss or m:ss): 3:45.49
	Average shared text size (kbytes): 0
	Average unshared data size (kbytes): 0
	Average stack size (kbytes): 0
	Average total size (kbytes): 0
	Maximum resident set size (kbytes): 51476576
	Average resident set size (kbytes): 0
	Major (requiring I/O) page faults: 0
	Minor (reclaiming a frame) page faults: 69452206
	Voluntary context switches: 65841
	Involuntary context switches: 1932
	Swaps: 0
	File system inputs: 0
	File system outputs: 16
	Socket messages sent: 0
	Socket messages received: 0
	Signals delivered: 0
	Page size (bytes): 4096
	Exit status: 0
