Cost at iter 0 (mbsize 10000): 2802111522
Cost at iter 10 (mbsize 10000): 1919477178.2739329338
Distance between old and new centers: 1296.67407227
Cost at iter 20 (mbsize 10000): 1919736365.5952246189
Cost at iter 30 (mbsize 10000): 1918151143.3765983582
Distance between old and new centers: 1017.69915771
Cost at iter 40 (mbsize 10000): 1923908813.6855151653
Cost at iter 49 (mbsize 10000): 1915715887.3076314926
Distance between old and new centers: 1007.93505859
Maximum iterations [50] reached
clustering for 50 rounds, from cost 2802111522->1915715887.31, in 7593.51ms
terminate called after throwing an instance of 'std::runtime_error'
terminate called recursively
terminate called recursively
Command terminated by signal 6
	Command being timed: "python3 pipeline.py -M3 -M4 -M5 -M7 -M9 -M10 -M15 --densify --dataset cao2m --nthreads 20 --maxiter 50 --mbsize 10000 --prior 0.01 --hvg 500 --lspp 25"
	User time (seconds): 529.60
	System time (seconds): 299.57
	Percent of CPU this job got: 361%
	Elapsed (wall clock) time (h:mm:ss or m:ss): 3:49.15
	Average shared text size (kbytes): 0
	Average unshared data size (kbytes): 0
	Average stack size (kbytes): 0
	Average total size (kbytes): 0
	Maximum resident set size (kbytes): 51476496
	Average resident set size (kbytes): 0
	Major (requiring I/O) page faults: 0
	Minor (reclaiming a frame) page faults: 52409988
	Voluntary context switches: 41163
	Involuntary context switches: 1577
	Swaps: 0
	File system inputs: 0
	File system outputs: 16
	Socket messages sent: 0
	Socket messages received: 0
	Signals delivered: 0
	Page size (bytes): 4096
	Exit status: 0
