Cost at iter 0 (mbsize 10000): 1311646073
Cost at iter 10 (mbsize 10000): 924256487.37776529789
Distance between old and new centers: 1202.54492188
Cost at iter 20 (mbsize 10000): 929971401.62463951111
Cost at iter 30 (mbsize 10000): 920911177.08368515968
Distance between old and new centers: 1209.74536133
Cost at iter 40 (mbsize 10000): 927654870.70885539055
Cost at iter 49 (mbsize 10000): 918901172.69179785252
Distance between old and new centers: 1294.04394531
Maximum iterations [50] reached
clustering for 50 rounds, from cost 1311646073->918901172.692, in 4035.15ms
terminate called after throwing an instance of 'std::runtime_error'
terminate called recursively
terminate called recursively
terminate called recursively
terminate called recursively
Command terminated by signal 6
	Command being timed: "python3 pipeline.py -M3 -M4 -M5 -M7 -M9 -M10 -M15 --densify --dataset cao2m --nthreads 20 --maxiter 50 --mbsize 10000 --prior 1. --hvg 50 --lspp 25"
	User time (seconds): 360.76
	System time (seconds): 329.52
	Percent of CPU this job got: 317%
	Elapsed (wall clock) time (h:mm:ss or m:ss): 3:37.19
	Average shared text size (kbytes): 0
	Average unshared data size (kbytes): 0
	Average stack size (kbytes): 0
	Average total size (kbytes): 0
	Maximum resident set size (kbytes): 51476464
	Average resident set size (kbytes): 0
	Major (requiring I/O) page faults: 0
	Minor (reclaiming a frame) page faults: 52456302
	Voluntary context switches: 100030
	Involuntary context switches: 1455
	Swaps: 0
	File system inputs: 0
	File system outputs: 16
	Socket messages sent: 0
	Socket messages received: 0
	Signals delivered: 0
	Page size (bytes): 4096
	Exit status: 0
