Cost at iter 0 (mbsize 10000): 4804136657
Cost at iter 10 (mbsize 10000): 3133177665.2574615479
Distance between old and new centers: 1476.94482422
Cost at iter 20 (mbsize 10000): 3122300547.9945526123
Distance between old and new centers: 844.929321289
Cost at iter 30 (mbsize 10000): 3113951410.9429473877
Distance between old and new centers: 859.166015625
Cost at iter 40 (mbsize 10000): 3114850542.8227081299
Cost at iter 49 (mbsize 10000): 3110663338.6901702881
Distance between old and new centers: 803.751525879
Maximum iterations [50] reached
clustering for 50 rounds, from cost 4804136657->3110663338.69, in 74261ms
terminate called after throwing an instance of 'std::runtime_error'
terminate called recursively
  what():  Nested parallel sections detected
terminate called recursively
Command terminated by signal 6
	Command being timed: "python3 pipeline.py -M3 -M4 -M5 -M7 -M9 -M10 -M15 --densify --dataset cao2m --nthreads 20 --maxiter 50 --mbsize 10000 --prior 1. --hvg 5000 --lspp 25"
	User time (seconds): 2099.68
	System time (seconds): 1681.13
	Percent of CPU this job got: 660%
	Elapsed (wall clock) time (h:mm:ss or m:ss): 9:32.49
	Average shared text size (kbytes): 0
	Average unshared data size (kbytes): 0
	Average stack size (kbytes): 0
	Average total size (kbytes): 0
	Maximum resident set size (kbytes): 62978624
	Average resident set size (kbytes): 0
	Major (requiring I/O) page faults: 0
	Minor (reclaiming a frame) page faults: 184873453
	Voluntary context switches: 24603
	Involuntary context switches: 5710
	Swaps: 0
	File system inputs: 0
	File system outputs: 32
	Socket messages sent: 0
	Socket messages received: 0
	Signals delivered: 0
	Page size (bytes): 4096
	Exit status: 0
