Cost at iter 0 (mbsize 10000): 4819793773
Cost at iter 10 (mbsize 10000): 3136635810.1000518799
Distance between old and new centers: 1613.76538086
Cost at iter 20 (mbsize 10000): 3133981950.5713043213
Distance between old and new centers: 915.181213379
Cost at iter 30 (mbsize 10000): 3122199358.9662628174
Distance between old and new centers: 972.021728516
Cost at iter 40 (mbsize 10000): 3126748963.9128112793
Cost at iter 49 (mbsize 10000): 3119129501.6026916504
Distance between old and new centers: 998.661254883
Maximum iterations [50] reached
clustering for 50 rounds, from cost 4819793773->3119129501.6, in 62048.1ms
terminate called after throwing an instance of 'std::runtime_error'
terminate called recursively
  what():  Nested parallel sections detected
Command terminated by signal 6
	Command being timed: "python3 pipeline.py -M3 -M4 -M5 -M7 -M9 -M10 -M15 --densify --dataset cao2m --nthreads 20 --maxiter 50 --mbsize 10000 --prior 0.1 --hvg 5000 --lspp 25"
	User time (seconds): 2180.20
	System time (seconds): 1501.20
	Percent of CPU this job got: 650%
	Elapsed (wall clock) time (h:mm:ss or m:ss): 9:25.92
	Average shared text size (kbytes): 0
	Average unshared data size (kbytes): 0
	Average stack size (kbytes): 0
	Average total size (kbytes): 0
	Maximum resident set size (kbytes): 62978620
	Average resident set size (kbytes): 0
	Major (requiring I/O) page faults: 0
	Minor (reclaiming a frame) page faults: 170390848
	Voluntary context switches: 17410
	Involuntary context switches: 5993
	Swaps: 0
	File system inputs: 0
	File system outputs: 32
	Socket messages sent: 0
	Socket messages received: 0
	Signals delivered: 0
	Page size (bytes): 4096
	Exit status: 0
