Cost at iter 0 (mbsize 10000): 1311828659
Cost at iter 10 (mbsize 10000): 921952478.78185927868
Distance between old and new centers: 1077.13793945
Cost at iter 20 (mbsize 10000): 923016388.7716896534
Cost at iter 30 (mbsize 10000): 918108651.81934332848
Distance between old and new centers: 876.980895996
Cost at iter 40 (mbsize 10000): 921774671.76962256432
Cost at iter 49 (mbsize 10000): 921191504.07846081257
Maximum iterations [50] reached
clustering for 50 rounds, from cost 1311828659->918108651.819, in 4034.95ms
terminate called after throwing an instance of 'std::runtime_error'
terminate called recursively
Command terminated by signal 6
	Command being timed: "python3 pipeline.py -M3 -M4 -M5 -M7 -M9 -M10 -M15 --densify --dataset cao2m --nthreads 20 --maxiter 50 --mbsize 10000 --prior 0.01 --hvg 50 --lspp 25"
	User time (seconds): 363.27
	System time (seconds): 359.30
	Percent of CPU this job got: 333%
	Elapsed (wall clock) time (h:mm:ss or m:ss): 3:36.40
	Average shared text size (kbytes): 0
	Average unshared data size (kbytes): 0
	Average stack size (kbytes): 0
	Average total size (kbytes): 0
	Maximum resident set size (kbytes): 51476424
	Average resident set size (kbytes): 0
	Major (requiring I/O) page faults: 0
	Minor (reclaiming a frame) page faults: 54443879
	Voluntary context switches: 106255
	Involuntary context switches: 1557
	Swaps: 0
	File system inputs: 0
	File system outputs: 16
	Socket messages sent: 0
	Socket messages received: 0
	Signals delivered: 0
	Page size (bytes): 4096
	Exit status: 0
