Cost at iter 0 (mbsize 10000): 3493295646
Cost at iter 10 (mbsize 10000): 2294848256.1620178223
Distance between old and new centers: 1454.71765137
Cost at iter 20 (mbsize 10000): 2285970792.4151306152
Distance between old and new centers: 503.869506836
Cost at iter 30 (mbsize 10000): 2281410282.6071777344
Distance between old and new centers: 553.717529297
Cost at iter 40 (mbsize 10000): 2289733078.8796348572
Cost at iter 49 (mbsize 10000): 2284288555.1961288452
Maximum iterations [50] reached
clustering for 50 rounds, from cost 3493295646->2281410282.61, in 11313.3ms
terminate called after throwing an instance of 'std::runtime_error'
terminate called recursively
terminate called recursively
terminate called recursively
Command terminated by signal 6
	Command being timed: "python3 pipeline.py -M3 -M4 -M5 -M7 -M9 -M10 -M15 --densify --dataset cao2m --nthreads 20 --maxiter 50 --mbsize 10000 --prior 0.01 --hvg 1000 --lspp 25"
	User time (seconds): 691.20
	System time (seconds): 591.10
	Percent of CPU this job got: 462%
	Elapsed (wall clock) time (h:mm:ss or m:ss): 4:37.08
	Average shared text size (kbytes): 0
	Average unshared data size (kbytes): 0
	Average stack size (kbytes): 0
	Average total size (kbytes): 0
	Maximum resident set size (kbytes): 51476440
	Average resident set size (kbytes): 0
	Major (requiring I/O) page faults: 0
	Minor (reclaiming a frame) page faults: 59185044
	Voluntary context switches: 49106
	Involuntary context switches: 2679
	Swaps: 0
	File system inputs: 0
	File system outputs: 24
	Socket messages sent: 0
	Socket messages received: 0
	Signals delivered: 0
	Page size (bytes): 4096
	Exit status: 0
