Cost at iter 0 (mbsize 10000): 1433145329
Cost at iter 10 (mbsize 10000): 927594777.97067224979
Distance between old and new centers: 1107.09033203
Cost at iter 20 (mbsize 10000): 929813029.80093848705
Cost at iter 30 (mbsize 10000): 927840084.29018092155
Cost at iter 40 (mbsize 10000): 927978037.36231851578
Cost at iter 49 (mbsize 10000): 919366376.20484018326
Distance between old and new centers: 1574.08154297
Maximum iterations [50] reached
clustering for 50 rounds, from cost 1433145329->919366376.205, in 2752.13ms
terminate called after throwing an instance of 'std::runtime_error'
terminate called recursively
Command terminated by signal 6
	Command being timed: "python3 pipeline.py -M3 --densify -M4 -M5 -M7 -M9 --dataset cao2m --nthreads 20 --maxiter 50 --mbsize 10000 --prior 1. --hvg 50 --lspp 0"
	User time (seconds): 165.90
	System time (seconds): 100.36
	Percent of CPU this job got: 238%
	Elapsed (wall clock) time (h:mm:ss or m:ss): 1:51.42
	Average shared text size (kbytes): 0
	Average unshared data size (kbytes): 0
	Average stack size (kbytes): 0
	Average total size (kbytes): 0
	Maximum resident set size (kbytes): 51482540
	Average resident set size (kbytes): 0
	Major (requiring I/O) page faults: 0
	Minor (reclaiming a frame) page faults: 37167881
	Voluntary context switches: 63138
	Involuntary context switches: 773
	Swaps: 0
	File system inputs: 0
	File system outputs: 16
	Socket messages sent: 0
	Socket messages received: 0
	Signals delivered: 0
	Page size (bytes): 4096
	Exit status: 0
