Cost at iter 0 (mbsize 10000): 2791954768
Cost at iter 10 (mbsize 10000): 1924622001.0048003197
Distance between old and new centers: 1412.74304199
Cost at iter 20 (mbsize 10000): 1916401829.145503521
Distance between old and new centers: 1092.98583984
Cost at iter 30 (mbsize 10000): 1910428514.3425998688
Distance between old and new centers: 1263.61779785
Cost at iter 40 (mbsize 10000): 1916904207.0225992203
Cost at iter 49 (mbsize 10000): 1907376531.0089693069
Distance between old and new centers: 1051.93786621
Maximum iterations [50] reached
clustering for 50 rounds, from cost 2791954768->1907376531.01, in 9582.51ms
terminate called after throwing an instance of 'std::runtime_error'
terminate called recursively
  what():  Nested parallel sections detected
terminate called recursively
terminate called recursively
Command terminated by signal 6
	Command being timed: "python3 pipeline.py -M3 -M4 -M5 -M7 -M9 -M10 -M15 --densify --dataset cao2m --nthreads 20 --maxiter 50 --mbsize 10000 --prior 1. --hvg 500 --lspp 25"
	User time (seconds): 537.13
	System time (seconds): 503.86
	Percent of CPU this job got: 406%
	Elapsed (wall clock) time (h:mm:ss or m:ss): 4:15.79
	Average shared text size (kbytes): 0
	Average unshared data size (kbytes): 0
	Average stack size (kbytes): 0
	Average total size (kbytes): 0
	Maximum resident set size (kbytes): 51476564
	Average resident set size (kbytes): 0
	Major (requiring I/O) page faults: 0
	Minor (reclaiming a frame) page faults: 62619965
	Voluntary context switches: 82261
	Involuntary context switches: 2149
	Swaps: 0
	File system inputs: 0
	File system outputs: 16
	Socket messages sent: 0
	Socket messages received: 0
	Signals delivered: 0
	Page size (bytes): 4096
	Exit status: 0
