Cost at iter 0 (mbsize 10000): 3520581506
Cost at iter 10 (mbsize 10000): 2314082646.6902313232
Distance between old and new centers: 1437.98925781
Cost at iter 20 (mbsize 10000): 2300541582.2179832458
Distance between old and new centers: 613.218383789
Cost at iter 30 (mbsize 10000): 2296158084.0263137817
Distance between old and new centers: 674.00402832
Cost at iter 40 (mbsize 10000): 2297127914.2222595215
Cost at iter 49 (mbsize 10000): 2286588441.3783149719
Distance between old and new centers: 695.384155273
Maximum iterations [50] reached
clustering for 50 rounds, from cost 3520581506->2286588441.38, in 10265.8ms
terminate called after throwing an instance of 'std::runtime_errorterminate called recursively
'
Command terminated by signal 6
	Command being timed: "python3 pipeline.py -M3 -M4 -M5 -M7 -M9 -M10 -M15 --densify --dataset cao2m --nthreads 20 --maxiter 50 --mbsize 10000 --prior 0.1 --hvg 1000 --lspp 25"
	User time (seconds): 705.31
	System time (seconds): 447.32
	Percent of CPU this job got: 452%
	Elapsed (wall clock) time (h:mm:ss or m:ss): 4:14.65
	Average shared text size (kbytes): 0
	Average unshared data size (kbytes): 0
	Average stack size (kbytes): 0
	Average total size (kbytes): 0
	Maximum resident set size (kbytes): 51476368
	Average resident set size (kbytes): 0
	Major (requiring I/O) page faults: 0
	Minor (reclaiming a frame) page faults: 60524560
	Voluntary context switches: 42759
	Involuntary context switches: 2186
	Swaps: 0
	File system inputs: 0
	File system outputs: 24
	Socket messages sent: 0
	Socket messages received: 0
	Signals delivered: 0
	Page size (bytes): 4096
	Exit status: 0
