usage: pipeline.py [-h] [--nthreads NTHREADS] [--maxiter MAXITER]
                   [--ncheckins NCHECKINS] [--lspp LSPP]
                   [--n-local-trials N_LOCAL_TRIALS] [--mbsize MBSIZE]
                   [--msr MSR] [--prior PRIOR] [--dataset {cao4m,cao2m,pbmc}]
                   [--hvg HVG] [--densify] [--topnorm] [-k K]
pipeline.py: error: argument --dataset: invalid choice: 'cao2' (choose from 'cao4m', 'cao2m', 'pbmc')
Command exited with non-zero status 2
	Command being timed: "python3 pipeline.py -M3 -M4 -M5 -M7 -M9 --dataset cao2 --nthreads 20 --maxiter 50 --mbsize 10000 --prior 0.01 --hvg 5000 --lspp 25"
	User time (seconds): 0.77
	System time (seconds): 0.18
	Percent of CPU this job got: 78%
	Elapsed (wall clock) time (h:mm:ss or m:ss): 0:01.20
	Average shared text size (kbytes): 0
	Average unshared data size (kbytes): 0
	Average stack size (kbytes): 0
	Average total size (kbytes): 0
	Maximum resident set size (kbytes): 70856
	Average resident set size (kbytes): 0
	Major (requiring I/O) page faults: 0
	Minor (reclaiming a frame) page faults: 18106
	Voluntary context switches: 1026
	Involuntary context switches: 2
	Swaps: 0
	File system inputs: 0
	File system outputs: 8
	Socket messages sent: 0
	Socket messages received: 0
	Signals delivered: 0
	Page size (bytes): 4096
	Exit status: 2
