Cost at iter 0 (mbsize 10000): 4238306454
Cost at iter 10 (mbsize 10000): 2793901659.6726651192
Distance between old and new centers: 1489.96240234
Cost at iter 20 (mbsize 10000): 2792490214.5110235214
Distance between old and new centers: 960.960327148
Cost at iter 30 (mbsize 10000): 2777742431.8820953369
Distance between old and new centers: 1139.29284668
Cost at iter 40 (mbsize 10000): 2780310710.0223617554
Cost at iter 49 (mbsize 10000): 2777199102.952249527
Distance between old and new centers: 1055.52478027
Maximum iterations [50] reached
clustering for 50 rounds, from cost 4238306454->2777199102.95, in 27913.6ms
terminate called after throwing an instance of 'std::runtime_error'
terminate called recursively
terminate called recursively
Command terminated by signal 6
	Command being timed: "python3 pipeline.py -M3 -M4 -M5 -M7 -M9 -M10 -M15 --densify --dataset cao2m --nthreads 20 --maxiter 50 --mbsize 10000 --prior 1. --hvg 2500 --lspp 25"
	User time (seconds): 1186.98
	System time (seconds): 702.82
	Percent of CPU this job got: 538%
	Elapsed (wall clock) time (h:mm:ss or m:ss): 5:51.08
	Average shared text size (kbytes): 0
	Average unshared data size (kbytes): 0
	Average stack size (kbytes): 0
	Average total size (kbytes): 0
	Maximum resident set size (kbytes): 51476456
	Average resident set size (kbytes): 0
	Major (requiring I/O) page faults: 0
	Minor (reclaiming a frame) page faults: 98383061
	Voluntary context switches: 34595
	Involuntary context switches: 2893
	Swaps: 0
	File system inputs: 0
	File system outputs: 24
	Socket messages sent: 0
	Socket messages received: 0
	Signals delivered: 0
	Page size (bytes): 4096
	Exit status: 0
