Cost at iter 0 (mbsize 10000): 4276334904
Cost at iter 10 (mbsize 10000): 2817851357.9949655533
Distance between old and new centers: 1435.515625
Cost at iter 20 (mbsize 10000): 2803212491.0957894325
Distance between old and new centers: 651.466918945
Cost at iter 30 (mbsize 10000): 2795905579.4489355087
Distance between old and new centers: 759.423522949
Cost at iter 40 (mbsize 10000): 2800412602.2683572769
Cost at iter 49 (mbsize 10000): 2789407573.4905052185
Distance between old and new centers: 766.493774414
Maximum iterations [50] reached
clustering for 50 rounds, from cost 4276334904->2789407573.49, in 31834.5ms
terminate called after throwing an instance of 'std::runtime_error'
terminate called recursively
terminate called recursively
  what():  Nested parallel sections detected
Command terminated by signal 6
	Command being timed: "python3 pipeline.py -M3 -M4 -M5 -M7 -M9 -M10 -M15 --densify --dataset cao2m --nthreads 20 --maxiter 50 --mbsize 10000 --prior 0.1 --hvg 2500 --lspp 25"
	User time (seconds): 1187.51
	System time (seconds): 1321.90
	Percent of CPU this job got: 605%
	Elapsed (wall clock) time (h:mm:ss or m:ss): 6:54.43
	Average shared text size (kbytes): 0
	Average unshared data size (kbytes): 0
	Average stack size (kbytes): 0
	Average total size (kbytes): 0
	Maximum resident set size (kbytes): 51476424
	Average resident set size (kbytes): 0
	Major (requiring I/O) page faults: 0
	Minor (reclaiming a frame) page faults: 111269364
	Voluntary context switches: 40454
	Involuntary context switches: 4561
	Swaps: 0
	File system inputs: 0
	File system outputs: 24
	Socket messages sent: 0
	Socket messages received: 0
	Signals delivered: 0
	Page size (bytes): 4096
	Exit status: 0
