Parsed matrix of 4062980/63561
Cost at iter 0 (mbsize 10000): 17185447936
Cost at iter 10 (mbsize 10000): 11703945216
Distance between old and new centers: 6560.63476562
Cost at iter 20 (mbsize 10000): 11620440064
Distance between old and new centers: 5273.29541016
Cost at iter 30 (mbsize 10000): 11519307776
Distance between old and new centers: 2011.38720703
Cost at iter 40 (mbsize 10000): 11596410880
Cost at iter 49 (mbsize 10000): 11512291328
Distance between old and new centers: 5886.63867188
Maximum iterations [50] reached
clustering for 50 rounds, from cost 17185447936->11512291328, in 309484ms
Cost at iter 0 (mbsize 10000): 1874935.5
Cost at iter 10 (mbsize 10000): 1482018.25
Distance between old and new centers: 1201.38110352
Cost at iter 20 (mbsize 10000): 1481672
Distance between old and new centers: 591.55078125
Cost at iter 30 (mbsize 10000): 1475495
Distance between old and new centers: 307.955810547
Cost at iter 40 (mbsize 10000): 1474679.25
Distance between old and new centers: 226.438995361
Cost at iter 49 (mbsize 10000): 1475160.875
Maximum iterations [50] reached
clustering for 50 rounds, from cost 1874935.5->1474679.25, in 688271ms
Cost at iter 0 (mbsize 10000): 884937.5
Cost at iter 10 (mbsize 10000): 542769.625
Distance between old and new centers: 1799.95166016
Cost at iter 20 (mbsize 10000): 542010.125
Distance between old and new centers: 277.228820801
Cost at iter 30 (mbsize 10000): 540778.8125
Distance between old and new centers: 282.466430664
Cost at iter 40 (mbsize 10000): 540512.125
Distance between old and new centers: 526.66595459
Cost at iter 49 (mbsize 10000): 540041.25
Distance between old and new centers: 518.667541504
Maximum iterations [50] reached
clustering for 50 rounds, from cost 884937.5->540041.25, in 686200ms
Cost at iter 0 (mbsize 10000): 4356246.5
Cost at iter 10 (mbsize 10000): 2445994
Distance between old and new centers: 1793.81542969
Cost at iter 20 (mbsize 10000): 2439778.25
Distance between old and new centers: 341.054901123
Cost at iter 30 (mbsize 10000): 2445738.75
Cost at iter 40 (mbsize 10000): 2441568.75
Cost at iter 49 (mbsize 10000): 2446651.25
Maximum iterations [50] reached
clustering for 50 rounds, from cost 4356246.5->2439778.25, in 524482ms
Cost at iter 0 (mbsize 10000): 1940579.25
Cost at iter 10 (mbsize 10000): 1701570.5
Distance between old and new centers: 1534.56787109
Cost at iter 20 (mbsize 10000): 1700818
Distance between old and new centers: 176.056365967
Cost at iter 30 (mbsize 10000): 1702029.75
Cost at iter 40 (mbsize 10000): 1703199
Cost at iter 49 (mbsize 10000): 1703016.5
Maximum iterations [50] reached
clustering for 50 rounds, from cost 1940579.25->1700818, in 298494ms
Cost at iter 0 (mbsize 10000): 1957153.375
Cost at iter 10 (mbsize 10000): 2053798.5
Cost at iter 20 (mbsize 10000): 2033564.875
Cost at iter 30 (mbsize 10000): 2008657.125
Cost at iter 40 (mbsize 10000): 2042797.25
Cost at iter 49 (mbsize 10000): 2041967.75
Maximum iterations [50] reached
clustering for 50 rounds, from cost 1957153.375->1957153.375, in 580281ms
	Command being timed: "python3 pipeline.py -M3 -M4 -M5 -M7 -M9 --dataset cao4m --nthreads 20 --maxiter 50 --mbsize 10000 --prior 0.1 --hvg 2500 --lspp 25"
	User time (seconds): 89727.04
	System time (seconds): 10230.25
	Percent of CPU this job got: 940%
	Elapsed (wall clock) time (h:mm:ss or m:ss): 2:57:02
	Average shared text size (kbytes): 0
	Average unshared data size (kbytes): 0
	Average stack size (kbytes): 0
	Average total size (kbytes): 0
	Maximum resident set size (kbytes): 133860540
	Average resident set size (kbytes): 0
	Major (requiring I/O) page faults: 0
	Minor (reclaiming a frame) page faults: 2162870929
	Voluntary context switches: 2677812
	Involuntary context switches: 157971
	Swaps: 0
	File system inputs: 0
	File system outputs: 392
	Socket messages sent: 0
	Socket messages received: 0
	Signals delivered: 0
	Page size (bytes): 4096
	Exit status: 0
