Parsed matrix of 4062980/63561
Cost at iter 0 (mbsize 10000): 12867738624
Cost at iter 10 (mbsize 10000): 9295988736
Distance between old and new centers: 5473.15722656
Cost at iter 20 (mbsize 10000): 9145688064
Distance between old and new centers: 3136.89697266
Cost at iter 30 (mbsize 10000): 9080962048
Distance between old and new centers: 2486.27075195
Cost at iter 40 (mbsize 10000): 9072656384
Distance between old and new centers: 2793.31640625
Cost at iter 49 (mbsize 10000): 9069643776
Distance between old and new centers: 3209.29296875
Maximum iterations [50] reached
clustering for 50 rounds, from cost 12867738624->9069643776, in 78898.3ms
Cost at iter 0 (mbsize 10000): 1892096.375
Cost at iter 10 (mbsize 10000): 1499713.5
Distance between old and new centers: 1342.77075195
Cost at iter 20 (mbsize 10000): 1497296.75
Distance between old and new centers: 245.674377441
Cost at iter 30 (mbsize 10000): 1499142.25
Cost at iter 40 (mbsize 10000): 1497610
Cost at iter 49 (mbsize 10000): 1497793.125
Maximum iterations [50] reached
clustering for 50 rounds, from cost 1892096.375->1497296.75, in 158210ms
Cost at iter 0 (mbsize 10000): 913163.25
Cost at iter 10 (mbsize 10000): 565838.25
Distance between old and new centers: 1359.60900879
Cost at iter 20 (mbsize 10000): 565076.375
Distance between old and new centers: 221.515090942
Cost at iter 30 (mbsize 10000): 563490.25
Distance between old and new centers: 247.745254517
Cost at iter 40 (mbsize 10000): 563181.25
Distance between old and new centers: 300.974884033
Cost at iter 49 (mbsize 10000): 563080.375
Distance between old and new centers: 329.278411865
Maximum iterations [50] reached
clustering for 50 rounds, from cost 913163.25->563080.375, in 158024ms
Cost at iter 0 (mbsize 10000): 4830588
Cost at iter 10 (mbsize 10000): 2838974.25
Distance between old and new centers: 1393.48364258
Cost at iter 20 (mbsize 10000): 2819256.25
Distance between old and new centers: 209.336120605
Cost at iter 30 (mbsize 10000): 2821314.75
Cost at iter 40 (mbsize 10000): 2821525.5
Cost at iter 49 (mbsize 10000): 2818518
Distance between old and new centers: 226.16619873
Maximum iterations [50] reached
clustering for 50 rounds, from cost 4830588->2818518, in 124770ms
Cost at iter 0 (mbsize 10000): 2073905
Cost at iter 10 (mbsize 10000): 1712086.75
Distance between old and new centers: 1345.00183105
Cost at iter 20 (mbsize 10000): 1708495.125
Distance between old and new centers: 169.495147705
Cost at iter 30 (mbsize 10000): 1709020.375
Cost at iter 40 (mbsize 10000): 1707859.125
Distance between old and new centers: 249.957214355
Cost at iter 49 (mbsize 10000): 1708354
Maximum iterations [50] reached
clustering for 50 rounds, from cost 2073905->1707859.125, in 76296.6ms
Cost at iter 0 (mbsize 10000): 2070980.25
Cost at iter 10 (mbsize 10000): 2321855.5
Cost at iter 20 (mbsize 10000): 2240073
Cost at iter 30 (mbsize 10000): 2255368
Cost at iter 40 (mbsize 10000): 2297577
Cost at iter 49 (mbsize 10000): 2346240.5
Maximum iterations [50] reached
clustering for 50 rounds, from cost 2070980.25->2070980.25, in 112708ms
	Command being timed: "python3 pipeline.py -M3 -M4 -M5 -M7 -M9 --dataset cao4m --nthreads 20 --maxiter 50 --mbsize 10000 --prior 0.1 --hvg 500 --lspp 25"
	User time (seconds): 28903.87
	System time (seconds): 6634.02
	Percent of CPU this job got: 937%
	Elapsed (wall clock) time (h:mm:ss or m:ss): 1:03:11
	Average shared text size (kbytes): 0
	Average unshared data size (kbytes): 0
	Average stack size (kbytes): 0
	Average total size (kbytes): 0
	Maximum resident set size (kbytes): 133860652
	Average resident set size (kbytes): 0
	Major (requiring I/O) page faults: 0
	Minor (reclaiming a frame) page faults: 1090074045
	Voluntary context switches: 4808102
	Involuntary context switches: 53365
	Swaps: 0
	File system inputs: 0
	File system outputs: 232
	Socket messages sent: 0
	Socket messages received: 0
	Signals delivered: 0
	Page size (bytes): 4096
	Exit status: 0
