Parsed matrix of 4062980/63561
Cost at iter 0 (mbsize 10000): 14248291328
Cost at iter 10 (mbsize 10000): 10471254016
Distance between old and new centers: 6985.0390625
Cost at iter 20 (mbsize 10000): 10362876928
Distance between old and new centers: 3597.97460938
Cost at iter 30 (mbsize 10000): 10166528000
Distance between old and new centers: 3178.69091797
Cost at iter 40 (mbsize 10000): 10274654208
Cost at iter 49 (mbsize 10000): 10101566464
Distance between old and new centers: 6552.36669922
Maximum iterations [50] reached
clustering for 50 rounds, from cost 14248291328->10101566464, in 142189ms
Cost at iter 0 (mbsize 10000): 1948820
Cost at iter 10 (mbsize 10000): 1521281.75
Distance between old and new centers: 1099.2800293
Cost at iter 20 (mbsize 10000): 1519621
Distance between old and new centers: 213.372528076
Cost at iter 30 (mbsize 10000): 1521402
Cost at iter 40 (mbsize 10000): 1519363.25
Distance between old and new centers: 139.515609741
Cost at iter 49 (mbsize 10000): 1520323.875
Maximum iterations [50] reached
clustering for 50 rounds, from cost 1948820->1519363.25, in 304759ms
Cost at iter 0 (mbsize 10000): 928469.75
Cost at iter 10 (mbsize 10000): 576754.75
Distance between old and new centers: 1545.04931641
Cost at iter 20 (mbsize 10000): 574443.5
Distance between old and new centers: 271.193145752
Cost at iter 30 (mbsize 10000): 574121.5
Distance between old and new centers: 213.453445435
Cost at iter 40 (mbsize 10000): 573670.75
Distance between old and new centers: 298.104949951
Cost at iter 49 (mbsize 10000): 573887.125
Maximum iterations [50] reached
clustering for 50 rounds, from cost 928469.75->573670.75, in 299042ms
Cost at iter 0 (mbsize 10000): 4822377
Cost at iter 10 (mbsize 10000): 2718851.25
Distance between old and new centers: 1540.46704102
Cost at iter 20 (mbsize 10000): 2713143
Distance between old and new centers: 255.403274536
Cost at iter 30 (mbsize 10000): 2714770
Cost at iter 40 (mbsize 10000): 2715479.5
Cost at iter 49 (mbsize 10000): 2710472.5
Distance between old and new centers: 276.789733887
Maximum iterations [50] reached
clustering for 50 rounds, from cost 4822377->2710472.5, in 230431ms
Cost at iter 0 (mbsize 10000): 2070574.5
Cost at iter 10 (mbsize 10000): 1759153.5
Distance between old and new centers: 1385.96362305
Cost at iter 20 (mbsize 10000): 1757156.5
Distance between old and new centers: 160.658630371
Cost at iter 30 (mbsize 10000): 1755483.5
Distance between old and new centers: 212.056808472
Cost at iter 40 (mbsize 10000): 1754415.5
Distance between old and new centers: 212.699707031
Cost at iter 49 (mbsize 10000): 1754802
Maximum iterations [50] reached
clustering for 50 rounds, from cost 2070574.5->1754415.5, in 137926ms
Cost at iter 0 (mbsize 10000): 2091733.75
Cost at iter 10 (mbsize 10000): 2239045.75
Cost at iter 20 (mbsize 10000): 2180317.5
Cost at iter 30 (mbsize 10000): 2215343
Cost at iter 40 (mbsize 10000): 2192508.75
Cost at iter 49 (mbsize 10000): 2238638
Maximum iterations [50] reached
clustering for 50 rounds, from cost 2091733.75->2091733.75, in 263183ms
	Command being timed: "python3 pipeline.py -M3 -M4 -M5 -M7 -M9 --dataset cao4m --nthreads 20 --maxiter 50 --mbsize 10000 --prior 0.1 --hvg 1000 --lspp 25"
	User time (seconds): 46357.55
	System time (seconds): 6957.84
	Percent of CPU this job got: 985%
	Elapsed (wall clock) time (h:mm:ss or m:ss): 1:30:09
	Average shared text size (kbytes): 0
	Average unshared data size (kbytes): 0
	Average stack size (kbytes): 0
	Average total size (kbytes): 0
	Maximum resident set size (kbytes): 133860544
	Average resident set size (kbytes): 0
	Major (requiring I/O) page faults: 0
	Minor (reclaiming a frame) page faults: 1280726750
	Voluntary context switches: 5109261
	Involuntary context switches: 82159
	Swaps: 0
	File system inputs: 0
	File system outputs: 344
	Socket messages sent: 0
	Socket messages received: 0
	Signals delivered: 0
	Page size (bytes): 4096
	Exit status: 0
