Parsed matrix of 4062980/63561
Cost at iter 0 (mbsize 10000): 18354954240
Cost at iter 10 (mbsize 10000): 12640713728
Distance between old and new centers: 6115.53808594
Cost at iter 20 (mbsize 10000): 12451631104
Distance between old and new centers: 4748.68554688
Cost at iter 30 (mbsize 10000): 12435549184
Distance between old and new centers: 3389.08886719
Cost at iter 40 (mbsize 10000): 12410561536
Distance between old and new centers: 4063.87792969
Cost at iter 49 (mbsize 10000): 12441604096
Maximum iterations [50] reached
clustering for 50 rounds, from cost 18354954240->12410561536, in 590870ms
Cost at iter 0 (mbsize 10000): 1751504.375
Cost at iter 10 (mbsize 10000): 1388398.875
Distance between old and new centers: 1808.16577148
Cost at iter 20 (mbsize 10000): 1388188.25
Distance between old and new centers: 583.303222656
Cost at iter 30 (mbsize 10000): 1388445
Cost at iter 40 (mbsize 10000): 1387103.75
Distance between old and new centers: 416.140380859
Cost at iter 49 (mbsize 10000): 1387695.5
Maximum iterations [50] reached
clustering for 50 rounds, from cost 1751504.375->1387103.75, in 1.24923e+06ms
Cost at iter 0 (mbsize 10000): 762870.1875
Cost at iter 10 (mbsize 10000): 482959.9375
Distance between old and new centers: 2119.64453125
Cost at iter 20 (mbsize 10000): 482155.8125
Distance between old and new centers: 639.155761719
Command terminated by signal 7
	Command being timed: "python3 pipeline.py -M3 -M4 -M5 -M7 -M9 --dataset cao4m --nthreads 20 --maxiter 50 --mbsize 10000 --prior 0.1 --hvg 5000 --lspp 25"
	User time (seconds): 83345.12
	System time (seconds): 5642.40
	Percent of CPU this job got: 611%
	Elapsed (wall clock) time (h:mm:ss or m:ss): 4:02:25
	Average shared text size (kbytes): 0
	Average unshared data size (kbytes): 0
	Average stack size (kbytes): 0
	Average total size (kbytes): 0
	Maximum resident set size (kbytes): 133872504
	Average resident set size (kbytes): 0
	Major (requiring I/O) page faults: 8
	Minor (reclaiming a frame) page faults: 2195910206
	Voluntary context switches: 491803
	Involuntary context switches: 127382
	Swaps: 0
	File system inputs: 18688
	File system outputs: 168
	Socket messages sent: 0
	Socket messages received: 0
	Signals delivered: 0
	Page size (bytes): 4096
	Exit status: 0
