Cost at iter 0 (mbsize 50000): 213926352
Cost at iter 10 (mbsize 50000): 121289872
Distance between old and new centers: 2385.27294922
Cost at iter 20 (mbsize 50000): 120949544
Distance between old and new centers: 312.278076172
Cost at iter 30 (mbsize 50000): 120703440
Distance between old and new centers: 332.966796875
Cost at iter 40 (mbsize 50000): 120591152
Distance between old and new centers: 221.489868164
Cost at iter 49 (mbsize 50000): 120478800
Distance between old and new centers: 234.182556152
Maximum iterations [50] reached
clustering for 50 rounds, from cost 213926352->120478800, in 565254ms
Cost at iter 0 (mbsize 50000): 3787.03564453125
Cost at iter 10 (mbsize 50000): 2874.6240234375
Distance between old and new centers: 3690.40576172
Cost at iter 20 (mbsize 50000): 2881.59912109375
Cost at iter 30 (mbsize 50000): 2884.87451171875
Cost at iter 40 (mbsize 50000): 2887.64404296875
Cost at iter 49 (mbsize 50000): 2889.0458984375
Maximum iterations [50] reached
clustering for 50 rounds, from cost 3787.03564453->2874.62402344, in 769958ms
Cost at iter 0 (mbsize 50000): 215.20172119140625
Cost at iter 10 (mbsize 50000): 122.93839263916015625
Distance between old and new centers: 3759.86669922
Cost at iter 20 (mbsize 50000): 123.74806976318359375
Cost at iter 30 (mbsize 50000): 124.4675750732421875
Cost at iter 40 (mbsize 50000): 124.0189361572265625
Cost at iter 49 (mbsize 50000): 123.836639404296875
Maximum iterations [50] reached
clustering for 50 rounds, from cost 215.201721191->122.938392639, in 773340ms
Cost at iter 0 (mbsize 50000): 836.8883056640625
Cost at iter 10 (mbsize 50000): 503.73919677734375
Distance between old and new centers: 5124.25878906
Cost at iter 20 (mbsize 50000): 499.63189697265625
Distance between old and new centers: 3899.78393555
Cost at iter 30 (mbsize 50000): 508.9434814453125
Cost at iter 40 (mbsize 50000): 510.766204833984375
Cost at iter 49 (mbsize 50000): 508.68505859375
Maximum iterations [50] reached
clustering for 50 rounds, from cost 836.888305664->499.631896973, in 419434ms
Cost at iter 0 (mbsize 50000): 1249.326171875
Cost at iter 10 (mbsize 50000): 1134.877197265625
Distance between old and new centers: 2989.66210938
Cost at iter 20 (mbsize 50000): 1136.3372802734375
Cost at iter 30 (mbsize 50000): 1137.554443359375
Cost at iter 40 (mbsize 50000): 1137.563232421875
Cost at iter 49 (mbsize 50000): 1138.854736328125
Maximum iterations [50] reached
clustering for 50 rounds, from cost 1249.32617188->1134.87719727, in 475668ms
Cost at iter 0 (mbsize 50000): 11557.9833984375
Cost at iter 10 (mbsize 50000): 4215.62939453125
Distance between old and new centers: 4163.09033203
Cost at iter 20 (mbsize 50000): 4216.8408203125
Cost at iter 30 (mbsize 50000): 4206.51806640625
Distance between old and new centers: 3631.87939453
Cost at iter 40 (mbsize 50000): 4324.88525390625
Cost at iter 49 (mbsize 50000): 4311.74609375
Maximum iterations [50] reached
clustering for 50 rounds, from cost 11557.9833984->4206.51806641, in 394847ms
