Cost at iter 0 (mbsize 10000): 2582188544
Cost at iter 10 (mbsize 10000): 1660323968
Distance between old and new centers: 1429.18701172
Cost at iter 20 (mbsize 10000): 1651767168
Distance between old and new centers: 584.108337402
Cost at iter 30 (mbsize 10000): 1649996800
Distance between old and new centers: 731.762023926
Cost at iter 40 (mbsize 10000): 1654305408
Cost at iter 49 (mbsize 10000): 1647471360
Distance between old and new centers: 724.295166016
Maximum iterations [50] reached
clustering for 50 rounds, from cost 2582188544->1647471360, in 32497.6ms
Cost at iter 0 (mbsize 10000): 361512.625
Cost at iter 10 (mbsize 10000): 307452.1875
Distance between old and new centers: 1222.46911621
Cost at iter 20 (mbsize 10000): 307757.375
Cost at iter 30 (mbsize 10000): 307782.75
Cost at iter 40 (mbsize 10000): 308186.375
Cost at iter 49 (mbsize 10000): 308554.21875
Maximum iterations [50] reached
clustering for 50 rounds, from cost 361512.625->307452.1875, in 68511.1ms
Cost at iter 0 (mbsize 10000): 74069.265625
Cost at iter 10 (mbsize 10000): 49351.7734375
Distance between old and new centers: 1076.05175781
Cost at iter 20 (mbsize 10000): 49468.90625
Cost at iter 30 (mbsize 10000): 49441.96484375
Cost at iter 40 (mbsize 10000): 49388.125
Cost at iter 49 (mbsize 10000): 49423.15234375
Maximum iterations [50] reached
clustering for 50 rounds, from cost 74069.265625->49351.7734375, in 69368.6ms
Cost at iter 0 (mbsize 10000): 272296.1875
Cost at iter 10 (mbsize 10000): 203474.90625
Distance between old and new centers: 1223.92590332
Cost at iter 20 (mbsize 10000): 202476.0625
Distance between old and new centers: 1520.63415527
Cost at iter 30 (mbsize 10000): 203017.34375
Cost at iter 40 (mbsize 10000): 204194.25
Cost at iter 49 (mbsize 10000): 203841.125
Maximum iterations [50] reached
clustering for 50 rounds, from cost 272296.1875->202476.0625, in 52717.3ms
Cost at iter 0 (mbsize 10000): 329015.21875
Cost at iter 10 (mbsize 10000): 279212.3125
Distance between old and new centers: 1101.10339355
Cost at iter 20 (mbsize 10000): 279767.25
Cost at iter 30 (mbsize 10000): 280629.1875
Cost at iter 40 (mbsize 10000): 280829.6875
Cost at iter 49 (mbsize 10000): 281102.5
Maximum iterations [50] reached
clustering for 50 rounds, from cost 329015.21875->279212.3125, in 33100.3ms
Cost at iter 0 (mbsize 10000): 669534.4375
Cost at iter 10 (mbsize 10000): 409698
Distance between old and new centers: 1398.41137695
Cost at iter 20 (mbsize 10000): 552272.4375
Cost at iter 30 (mbsize 10000): 445442.71875
Cost at iter 40 (mbsize 10000): 490723.3125
Cost at iter 49 (mbsize 10000): 574759.3125
Maximum iterations [50] reached
clustering for 50 rounds, from cost 669534.4375->409698, in 34955.4ms
