Cost at iter 0 (mbsize 3000): 2582188544
Cost at iter 10 (mbsize 3000): 1746873600
Distance between old and new centers: 1654.26220703
Cost at iter 20 (mbsize 3000): 1722866688
Distance between old and new centers: 1245.55883789
Cost at iter 30 (mbsize 3000): 1716824064
Distance between old and new centers: 989.047546387
Cost at iter 40 (mbsize 3000): 1703756288
Distance between old and new centers: 1291.07763672
Cost at iter 49 (mbsize 3000): 1717337088
Maximum iterations [50] reached
clustering for 50 rounds, from cost 2582188544->1703756288, in 35877ms
Cost at iter 0 (mbsize 3000): 361512.625
Cost at iter 10 (mbsize 3000): 311764.21875
Distance between old and new centers: 1571.09692383
Cost at iter 20 (mbsize 3000): 313011.375
Cost at iter 30 (mbsize 3000): 314458.5625
Cost at iter 40 (mbsize 3000): 313444.34375
Cost at iter 49 (mbsize 3000): 314007.15625
Maximum iterations [50] reached
clustering for 50 rounds, from cost 361512.625->311764.21875, in 69637.9ms
Cost at iter 0 (mbsize 3000): 74069.265625
Cost at iter 10 (mbsize 3000): 50987.4140625
Distance between old and new centers: 1346.18151855
Cost at iter 20 (mbsize 3000): 51954.7734375
Cost at iter 30 (mbsize 3000): 51979.21875
Cost at iter 40 (mbsize 3000): 51913.99609375
Cost at iter 49 (mbsize 3000): 51916.76171875
Maximum iterations [50] reached
clustering for 50 rounds, from cost 74069.265625->50987.4140625, in 67913.6ms
Cost at iter 0 (mbsize 3000): 272296.1875
Cost at iter 10 (mbsize 3000): 210342.09375
Distance between old and new centers: 1571.87878418
Cost at iter 20 (mbsize 3000): 210515.078125
Cost at iter 30 (mbsize 3000): 213752.328125
Cost at iter 40 (mbsize 3000): 212039.65625
Cost at iter 49 (mbsize 3000): 211161.375
Maximum iterations [50] reached
clustering for 50 rounds, from cost 272296.1875->210342.09375, in 54192.2ms
Cost at iter 0 (mbsize 3000): 329015.21875
Cost at iter 10 (mbsize 3000): 281737.21875
Distance between old and new centers: 1205.02661133
Cost at iter 20 (mbsize 3000): 282326.53125
Cost at iter 30 (mbsize 3000): 281784.15625
Cost at iter 40 (mbsize 3000): 282116.90625
Cost at iter 49 (mbsize 3000): 282112.375
Maximum iterations [50] reached
clustering for 50 rounds, from cost 329015.21875->281737.21875, in 39826.5ms
Cost at iter 0 (mbsize 3000): 688470.625
Cost at iter 10 (mbsize 3000): 543342.375
Distance between old and new centers: 1154.08007812
Cost at iter 20 (mbsize 3000): 498522.6875
Distance between old and new centers: 1112.30932617
Cost at iter 30 (mbsize 3000): 551490.5625
Cost at iter 40 (mbsize 3000): 481809.34375
Distance between old and new centers: 1441.02526855
Cost at iter 49 (mbsize 3000): 492547.25
Maximum iterations [50] reached
clustering for 50 rounds, from cost 688470.625->481809.34375, in 38533.3ms
