Cost at iter 0 (mbsize 50000): 4319360000
Cost at iter 10 (mbsize 50000): 2769899776
Distance between old and new centers: 1529.23168945
Cost at iter 20 (mbsize 50000): 2751826176
Distance between old and new centers: 253.860015869
Cost at iter 30 (mbsize 50000): 2751014400
Distance between old and new centers: 310.587646484
Cost at iter 40 (mbsize 50000): 2750328320
Distance between old and new centers: 192.267700195
Cost at iter 49 (mbsize 50000): 2750705664
Maximum iterations [50] reached
clustering for 50 rounds, from cost 4319360000->2750328320, in 246353ms
Cost at iter 0 (mbsize 50000): 302009.875
Cost at iter 10 (mbsize 50000): 252597.140625
Distance between old and new centers: 1553.62475586
Cost at iter 20 (mbsize 50000): 252508.46875
Distance between old and new centers: 642.800476074
Cost at iter 30 (mbsize 50000): 252278.609375
Distance between old and new centers: 1322.39379883
Cost at iter 40 (mbsize 50000): 251982.375
Distance between old and new centers: 830.356689453
Cost at iter 49 (mbsize 50000): 252008
Maximum iterations [50] reached
clustering for 50 rounds, from cost 302009.875->251982.375, in 492582ms
Cost at iter 0 (mbsize 50000): 49643.41796875
Cost at iter 10 (mbsize 50000): 32946.625
Distance between old and new centers: 1504.19458008
Cost at iter 20 (mbsize 50000): 32958.43359375
Cost at iter 30 (mbsize 50000): 32959.4609375
Cost at iter 40 (mbsize 50000): 32955.640625
Cost at iter 49 (mbsize 50000): 32955.1484375
Maximum iterations [50] reached
clustering for 50 rounds, from cost 49643.4179688->32946.625, in 546683ms
Cost at iter 0 (mbsize 50000): 186488.46875
Cost at iter 10 (mbsize 50000): 131165.453125
Distance between old and new centers: 1871.8581543
Cost at iter 20 (mbsize 50000): 131608.25
Cost at iter 30 (mbsize 50000): 130588.6015625
Distance between old and new centers: 1211.68395996
Cost at iter 40 (mbsize 50000): 130832.421875
Cost at iter 49 (mbsize 50000): 130994.875
Maximum iterations [50] reached
clustering for 50 rounds, from cost 186488.46875->130588.601562, in 419182ms
Cost at iter 0 (mbsize 50000): 275222.75
Cost at iter 10 (mbsize 50000): 248901.15625
Distance between old and new centers: 1521.99768066
Cost at iter 20 (mbsize 50000): 250895.125
Cost at iter 30 (mbsize 50000): 250616.515625
Cost at iter 40 (mbsize 50000): 250870.09375
Cost at iter 49 (mbsize 50000): 250739.421875
Maximum iterations [50] reached
clustering for 50 rounds, from cost 275222.75->248901.15625, in 243176ms
Cost at iter 0 (mbsize 50000): 586613.4375
Cost at iter 10 (mbsize 50000): 266099.6875
Distance between old and new centers: 1139.36938477
Cost at iter 20 (mbsize 50000): 265841.09375
Distance between old and new centers: 213.427902222
Cost at iter 30 (mbsize 50000): 265827.1875
Distance between old and new centers: 159.186721802
Cost at iter 40 (mbsize 50000): 266120
Cost at iter 49 (mbsize 50000): 266837.9375
Maximum iterations [50] reached
clustering for 50 rounds, from cost 586613.4375->265827.1875, in 248258ms
