Cost at iter 0 (mbsize 3000): 4023996928
Cost at iter 10 (mbsize 3000): 2807944448
Distance between old and new centers: 3764.75
Cost at iter 20 (mbsize 3000): 2788419840
Distance between old and new centers: 2148.50439453
Cost at iter 30 (mbsize 3000): 2785494784
Distance between old and new centers: 2513.2265625
Cost at iter 40 (mbsize 3000): 2777308160
Distance between old and new centers: 1886.07421875
Cost at iter 49 (mbsize 3000): 2792537600
Maximum iterations [50] reached
clustering for 50 rounds, from cost 4023996928->2777308160, in 339034ms
Cost at iter 0 (mbsize 3000): 297136.1875
Cost at iter 10 (mbsize 3000): 255761.34375
Distance between old and new centers: 3422.26416016
Cost at iter 20 (mbsize 3000): 255485.828125
Distance between old and new centers: 2798.34521484
Cost at iter 30 (mbsize 3000): 255941.375
Cost at iter 40 (mbsize 3000): 256369.84375
Cost at iter 49 (mbsize 3000): 256937
Maximum iterations [50] reached
clustering for 50 rounds, from cost 297136.1875->255485.828125, in 677175ms
Cost at iter 0 (mbsize 3000): 47178.78125
Cost at iter 10 (mbsize 3000): 33684.984375
Distance between old and new centers: 3509.11669922
Cost at iter 20 (mbsize 3000): 33950.76953125
Cost at iter 30 (mbsize 3000): 33869.9453125
Cost at iter 40 (mbsize 3000): 33877.9140625
Cost at iter 49 (mbsize 3000): 33947.73828125
Maximum iterations [50] reached
clustering for 50 rounds, from cost 47178.78125->33684.984375, in 784062ms
Cost at iter 0 (mbsize 3000): 178693.21875
Cost at iter 10 (mbsize 3000): 134583.96875
Distance between old and new centers: 3793.72387695
Cost at iter 20 (mbsize 3000): 135578.40625
Cost at iter 30 (mbsize 3000): 135143.4375
Cost at iter 40 (mbsize 3000): 135329.53125
Cost at iter 49 (mbsize 3000): 136102.078125
Maximum iterations [50] reached
clustering for 50 rounds, from cost 178693.21875->134583.96875, in 623372ms
Cost at iter 0 (mbsize 3000): 269528.8125
Cost at iter 10 (mbsize 3000): 248095.59375
Distance between old and new centers: 2988.47851562
Cost at iter 20 (mbsize 3000): 248502.484375
Cost at iter 30 (mbsize 3000): 249713.71875
Cost at iter 40 (mbsize 3000): 249671.25
Cost at iter 49 (mbsize 3000): 249637.953125
Maximum iterations [50] reached
clustering for 50 rounds, from cost 269528.8125->248095.59375, in 333669ms
Cost at iter 0 (mbsize 3000): 573176.5625
Cost at iter 10 (mbsize 3000): 278823.3125
Distance between old and new centers: 3305.72558594
Cost at iter 20 (mbsize 3000): 274423.28125
Distance between old and new centers: 2944.37744141
Cost at iter 30 (mbsize 3000): 274473.5
Cost at iter 40 (mbsize 3000): 273711.5
Distance between old and new centers: 2954.83276367
Cost at iter 49 (mbsize 3000): 272856.3125
Distance between old and new centers: 1672.38891602
Maximum iterations [50] reached
clustering for 50 rounds, from cost 573176.5625->272856.3125, in 383767ms
