Cost at iter 0 (mbsize 3000): 5079654400
Cost at iter 10 (mbsize 3000): 3452796928
Distance between old and new centers: 4389.69824219
Cost at iter 20 (mbsize 3000): 3412957952
Distance between old and new centers: 2254.09545898
Cost at iter 30 (mbsize 3000): 3414087168
Cost at iter 40 (mbsize 3000): 3409286656
Distance between old and new centers: 3366.5090332
Cost at iter 49 (mbsize 3000): 3417915392
Maximum iterations [50] reached
clustering for 50 rounds, from cost 5079654400->3409286656, in 1.19436e+06ms
Cost at iter 0 (mbsize 3000): 125081.953125
Cost at iter 10 (mbsize 3000): 107083.28125
Distance between old and new centers: 3631.37255859
Cost at iter 20 (mbsize 3000): 107122.40625
Cost at iter 30 (mbsize 3000): 107020.9375
Distance between old and new centers: 3751.02734375
Cost at iter 40 (mbsize 3000): 107164.390625
Cost at iter 49 (mbsize 3000): 107387.2890625
Maximum iterations [50] reached
clustering for 50 rounds, from cost 125081.953125->107020.9375, in 1.48169e+06ms
Cost at iter 0 (mbsize 3000): 8326.591796875
Cost at iter 10 (mbsize 3000): 6048.0830078125
Distance between old and new centers: 4132.1875
Cost at iter 20 (mbsize 3000): 6046.2265625
Distance between old and new centers: 3576.85375977
Cost at iter 30 (mbsize 3000): 6045.36181640625
Distance between old and new centers: 3786.46240234
Cost at iter 40 (mbsize 3000): 6055.4296875
Cost at iter 49 (mbsize 3000): 6070.6201171875
Maximum iterations [50] reached
clustering for 50 rounds, from cost 8326.59179688->6045.36181641, in 1.86364e+06ms
Cost at iter 0 (mbsize 3000): 30113.4921875
Cost at iter 10 (mbsize 3000): 23752.7578125
Distance between old and new centers: 4439.64941406
Cost at iter 20 (mbsize 3000): 22315.8125
Distance between old and new centers: 4744.48144531
Cost at iter 30 (mbsize 3000): 23749.953125
Cost at iter 40 (mbsize 3000): 23892.294921875
Cost at iter 49 (mbsize 3000): 23891.224609375
Maximum iterations [50] reached
clustering for 50 rounds, from cost 30113.4921875->22315.8125, in 1.30515e+06ms
Cost at iter 0 (mbsize 3000): 51215.15625
Cost at iter 10 (mbsize 3000): 49074.9140625
Distance between old and new centers: 3561.81005859
Cost at iter 20 (mbsize 3000): 49485.5234375
Cost at iter 30 (mbsize 3000): 49974.7890625
Cost at iter 40 (mbsize 3000): 49375.44921875
Cost at iter 49 (mbsize 3000): 49996.0078125
Maximum iterations [50] reached
clustering for 50 rounds, from cost 51215.15625->49074.9140625, in 1.20595e+06ms
Cost at iter 0 (mbsize 3000): 428421.625
Cost at iter 10 (mbsize 3000): 205947.8125
Distance between old and new centers: 3972.71386719
Cost at iter 20 (mbsize 3000): 302324.1875
Cost at iter 30 (mbsize 3000): 395719.75
Cost at iter 40 (mbsize 3000): 376562.3125
Cost at iter 49 (mbsize 3000): 379785.78125
Maximum iterations [50] reached
clustering for 50 rounds, from cost 428421.625->205947.8125, in 1.77303e+06ms
