Parsed matrix of 68579/32738
Cost at iter 0 (mbsize 10000): 211537088
Cost at iter 10 (mbsize 10000): 119487040
Distance between old and new centers: 1099.07446289
Cost at iter 20 (mbsize 10000): 119211504
Distance between old and new centers: 210.67477417
Cost at iter 30 (mbsize 10000): 119149552
Distance between old and new centers: 225.708099365
Cost at iter 40 (mbsize 10000): 119126320
Distance between old and new centers: 233.344390869
Cost at iter 49 (mbsize 10000): 119027808
Distance between old and new centers: 227.741287231
Maximum iterations [50] reached
clustering for 50 rounds, from cost 211537088->119027808, in 17598.8ms
Cost at iter 0 (mbsize 10000): 29025.43359375
Cost at iter 10 (mbsize 10000): 24827.1328125
Distance between old and new centers: 1717.97802734
Cost at iter 20 (mbsize 10000): 24898.91796875
Cost at iter 30 (mbsize 10000): 24879.9921875
Cost at iter 40 (mbsize 10000): 24891.453125
Cost at iter 49 (mbsize 10000): 24897.482421875
Maximum iterations [50] reached
clustering for 50 rounds, from cost 29025.4335938->24827.1328125, in 34209.8ms
Cost at iter 0 (mbsize 10000): 12396.302734375
Cost at iter 10 (mbsize 10000): 9014.830078125
Distance between old and new centers: 2059.15649414
Cost at iter 20 (mbsize 10000): 9055.53125
Cost at iter 30 (mbsize 10000): 9057.259765625
Cost at iter 40 (mbsize 10000): 9067.951171875
Cost at iter 49 (mbsize 10000): 9072.0556640625
Maximum iterations [50] reached
clustering for 50 rounds, from cost 12396.3027344->9014.83007812, in 34216ms
Cost at iter 0 (mbsize 10000): 80413.65625
Cost at iter 10 (mbsize 10000): 58605.8046875
Distance between old and new centers: 1887.98974609
Cost at iter 20 (mbsize 10000): 58537.71875
Distance between old and new centers: 1443.97338867
Cost at iter 30 (mbsize 10000): 58560.515625
Cost at iter 40 (mbsize 10000): 58739.21875
Cost at iter 49 (mbsize 10000): 58692.171875
Maximum iterations [50] reached
clustering for 50 rounds, from cost 80413.65625->58537.71875, in 29346.7ms
Cost at iter 0 (mbsize 10000): 26349.8515625
Cost at iter 10 (mbsize 10000): 23803.8828125
Distance between old and new centers: 1830.56616211
Cost at iter 20 (mbsize 10000): 23924.828125
Cost at iter 30 (mbsize 10000): 23943.77734375
Cost at iter 40 (mbsize 10000): 23913.083984375
Cost at iter 49 (mbsize 10000): 23929.66015625
Maximum iterations [50] reached
clustering for 50 rounds, from cost 26349.8515625->23803.8828125, in 22184.4ms
Cost at iter 0 (mbsize 10000): 26730.796875
Cost at iter 10 (mbsize 10000): 27689.6015625
Cost at iter 20 (mbsize 10000): 26882.982421CostCost at iter 30 (mbsize 10000): 27035.34375CCost at iter 40 (mbsize 10000): 26766.02734375
Cost at iter 49 (mbsize 10000): 26579.7734375
Distance between old and new centers: 2168.55615234
Maximum iterations [50] reached
clustering for 50 rounds, from cost 26730.796875->26579.7734375, in 1.32459e+06ms
Cost at iter 0 (mbsize 10000): 22329760
Cost at iter 10 (mbsize 10000): 21903388
Distance between old and new centers: 1784.87158203
Cost at iter 20 (mbsize 10000): 21977500
Cost at iter 30 (mbsize 10000): 21913940
Cost at iter 40 (mbsize 10000): 20364912
Distance between old and new centers: 1538.80273438
Cost at iter 49 (mbsize 10000): 21948308
Maximum iterations [50] reached
clustering for 50 rounds, from cost 22329760->20364912, in 33428.3ms
Cost at iter 0 (mbsize 10000): 15579
Cost at iter 10 (mbsize 10000): 8385.99609375
Distance between old and new centers: 1187.10791016
Cost at iter 20 (mbsize 10000): 8515.955078125
Cost at iter 30 (mbsize 10000): 8454.759765625
Cost at iter 40 (mbsize 10000): 8481.001953125
Cost at iter 49 (mbsize 10000): 8362.43359375
Distance between old and new centers: 511.963439941
Maximum iterations [50] reached
clustering for 50 rounds, from cost 15579->8362.43359375, in 17361.3ms
	Command being timed: "python3 pipeline.py -M3 -M4 -M5 -M7 -M9 -M10 -M15 --densify --dataset pbmc --nthreads 20 --maxiter 50 --mbsize 10000 --prior 0.01 --hvg 2500 --lspp 25"
	User time (seconds): 6121.98
	System time (seconds): 155.03
	Percent of CPU this job got: 388%
	Elapsed (wall clock) time (h:mm:ss or m:ss): 26:56.11
	Average shared text size (kbytes): 0
	Average unshared data size (kbytes): 0
	Average stack size (kbytes): 0
	Average total size (kbytes): 0
	Maximum resident set size (kbytes): 1574628
	Average resident set size (kbytes): 0
	Major (requiring I/O) page faults: 0
	Minor (reclaiming a frame) page faults: 15886989
	Voluntary context switches: 42364
	Involuntary context switches: 8050
	Swaps: 0
	File system inputs: 0
	File system outputs: 144
	Socket messages sent: 0
	Socket messages received: 0
	Signals delivered: 0
	Page size (bytes): 4096
	Exit status: 0
