Parsed matrix of 68579/32738
Cost at iter 0 (mbsize 10000): 209066496
Cost at iter 10 (mbsize 10000): 119397944
Distance between old and new centers: 1132.41015625
Cost at iter 20 (mbsize 10000): 119234352
Distance between old and new centers: 205.040039062
Cost at iter 30 (mbsize 10000): 119029088
Distance between old and new centers: 192.054916382
Cost at iter 40 (mbsize 10000): 119027776
Distance between old and new centers: 224.970489502
Cost at iter 49 (mbsize 10000): 118998480
Distance between old and new centers: 234.321685791
Maximum iterations [50] reached
clustering for 50 rounds, from cost 209066496->118998480, in 16068.3ms
Cost at iter 0 (mbsize 10000): 10481.525390625
Cost at iter 10 (mbsize 10000): 7828.2080078125
Distance between old and new centers: 1400.515625
Cost at iter 20 (mbsize 10000): 7823.7509765625
Distance between old and new centers: 372.325805664
Cost at iter 30 (mbsize 10000): 7823.04296875
Distance between old and new centers: 307.490997314
Cost at iter 40 (mbsize 10000): 7822.10693359375
Distance between old and new centers: 337.019897461
Cost at iter 49 (mbsize 10000): 7821.51708984375
Distance between old and new centers: 356.654754639
Maximum iterations [50] reached
clustering for 50 rounds, from cost 10481.5253906->7821.51708984, in 32415.1ms
Cost at iter 0 (mbsize 10000): 1638.093505859375
Cost at iter 10 (mbsize 10000): 898.3094482421875
Distance between old and new centers: 1368.94592285
Cost at iter 20 (mbsize 10000): 898.39276123046875
Cost at iter 30 (mbsize 10000): 899.341796875
Cost at iter 40 (mbsize 10000): 899.6226806640625
Cost at iter 49 (mbsize 10000): 899.85626220703125
Maximum iterations [50] reached
clustering for 50 rounds, from cost 1638.09350586->898.309448242, in 30940.9ms
Cost at iter 0 (mbsize 10000): 6668.7294921875
Cost at iter 10 (mbsize 10000): 3632.43408203125
Distance between old and new centers: 1620.56030273
Cost at iter 20 (mbsize 10000): 3651.38623046875
Cost at iter 30 (mbsize 10000): 3661.46142578125
Cost at iter 40 (mbsize 10000): 3663.353271484375
Cost at iter 49 (mbsize 10000): 3639.18115234375
Maximum iterations [50] reached
clustering for 50 rounds, from cost 6668.72949219->3632.43408203, in 28016.8ms
Cost at iter 0 (mbsize 10000): 9223.654296875
Cost at iter 10 (mbsize 10000): 7811.6826171875
Distance between old and new centers: 2106.24951172
Cost at iter 20 (mbsize 10000): 8003.7216796875
Cost at iter 30 (mbsize 10000): 7865.826171875
Cost at iter 40 (mbsize 10000): 7894.390625
Cost at iter 49 (mbsize 10000): 7929.9775390625
Maximum iterations [50] reached
clustering for 50 rounds, from cost 9223.65429688->7811.68261719, in 21696.4ms
Cost at iter 0 (mbsize 10000): 9265.67578125
Cost at iter 10 (mbsize 10000): 9383.15234375
Cost at iter 20 (mbsize 10000): 9339.087890625
Cost at iter 30 (mbsize 10000): 9249.732421875
Distance between old and new centers: 2108.37841797
Cost at iter 40 (mbsize 10000): 9428.580078125
Cost at iter 49 (mbsize 10000): 9386.21484375
Maximum iterations [50] reached
clustering for 50 rounds, from cost 9265.67578125->9249.73242188, in 1.47032e+06ms
Cost at iter 0 (mbsize 10000): 11918512
Cost at iter 10 (mbsize 10000): 7145656
Distance between old and new centers: 1870.10449219
Cost at iter 20 (mbsize 10000): 7279918
Cost at iter 30 (mbsize 10000): 7442567
Cost at iter 40 (mbsize 10000): 7301111
Cost at iter 49 (mbsize 10000): 7422023.5
Maximum iterations [50] reached
clustering for 50 rounds, from cost 11918512->7145656, in 33749.7ms
Cost at iter 0 (mbsize 10000): 13726.74609375
Cost at iter 10 (mbsize 10000): 6939.287109375
Distance between old and new centers: 1452.84228516
Cost at iter 20 (mbsize 10000): 6960.86376953125
Cost at iter 30 (mbsize 10000): 6970.54296875
Cost at iter 40 (mbsize 10000): 6977.3828125
Cost at iter 49 (mbsize 10000): 7004.3701171875
Maximum iterations [50] reached
clustering for 50 rounds, from cost 13726.7460938->6939.28710938, in 16936.8ms
	Command being timed: "python3 pipeline.py -M3 -M4 -M5 -M7 -M9 -M10 -M15 --densify --dataset pbmc --nthreads 20 --maxiter 50 --mbsize 10000 --prior 1. --hvg 2500 --lspp 25"
	User time (seconds): 6281.55
	System time (seconds): 136.08
	Percent of CPU this job got: 363%
	Elapsed (wall clock) time (h:mm:ss or m:ss): 29:24.84
	Average shared text size (kbytes): 0
	Average unshared data size (kbytes): 0
	Average stack size (kbytes): 0
	Average total size (kbytes): 0
	Maximum resident set size (kbytes): 1574624
	Average resident set size (kbytes): 0
	Major (requiring I/O) page faults: 0
	Minor (reclaiming a frame) page faults: 17030545
	Voluntary context switches: 35382
	Involuntary context switches: 7978
	Swaps: 0
	File system inputs: 0
	File system outputs: 136
	Socket messages sent: 0
	Socket messages received: 0
	Signals delivered: 0
	Page size (bytes): 4096
	Exit status: 0
