Parsed matrix of 68579/32738
Cost at iter 0 (mbsize 10000): 89327952
Cost at iter 10 (mbsize 10000): 54457220
Distance between old and new centers: 702.201660156
Cost at iter 20 (mbsize 10000): 54042328
Distance between old and new centers: 161.631027222
Cost at iter 30 (mbsize 10000): 53910272
Distance between old and new centers: 128.96421814
Cost at iter 40 (mbsize 10000): 53876888
Distance between old and new centers: 117.146560669
Cost at iter 49 (mbsize 10000): 53838328
Distance between old and new centers: 82.9851989746
Maximum iterations [50] reached
clustering for 50 rounds, from cost 89327952->53838328, in 968.81ms
Cost at iter 0 (mbsize 10000): 9444.1962890625
Cost at iter 10 (mbsize 10000): 7486.400390625
Distance between old and new centers: 797.246765137
Cost at iter 20 (mbsize 10000): 7472.7509765625
Distance between old and new centers: 194.858581543
Cost at iter 30 (mbsize 10000): 7469.09765625
Distance between old and new centers: 97.5018005371
Cost at iter 40 (mbsize 10000): 7470.412109375
Cost at iter 49 (mbsize 10000): 7469.53955078125
Maximum iterations [50] reached
clustering for 50 rounds, from cost 9444.19628906->7469.09765625, in 1446.34ms
Cost at iter 0 (mbsize 10000): 1376.451416015625
Cost at iter 10 (mbsize 10000): 848.6055908203125
Distance between old and new centers: 854.716064453
Cost at iter 20 (mbsize 10000): 846.55517578125
Distance between old and new centers: 137.262634277
Cost at iter 30 (mbsize 10000): 846.1500244140625
Distance between old and new centers: 93.2866973877
Cost at iter 40 (mbsize 10000): 845.8634033203125
Distance between old and new centers: 97.0350952148
Cost at iter 49 (mbsize 10000): 845.6998291015625
Distance between old and new centers: 80.0029830933
Maximum iterations [50] reached
clustering for 50 rounds, from cost 1376.45141602->845.699829102, in 1292.35ms
Cost at iter 0 (mbsize 10000): 5588.875
Cost at iter 10 (mbsize 10000): 3655.94140625
Distance between old and new centers: 775.155639648
Cost at iter 20 (mbsize 10000): 3595.4775390625
Distance between old and new centers: 255.133148193
Cost at iter 30 (mbsize 10000): 3588.037109375
Distance between old and new centers: 132.328369141
Cost at iter 40 (mbsize 10000): 3591.40869140625
Cost at iter 49 (mbsize 10000): 3591.725830078125
Maximum iterations [50] reached
clustering for 50 rounds, from cost 5588.875->3588.03710938, in 1087.55ms
Cost at iter 0 (mbsize 10000): 10015.328125
Cost at iter 10 (mbsize 10000): 8016.61181640625
Distance between old and new centers: 941.559631348
Cost at iter 20 (mbsize 10000): 8010.44287109375
Distance between old and new centers: 132.283004761
Cost at iter 30 (mbsize 10000): 8001.6181640625
Distance between old and new centers: 123.761222839
Cost at iter 40 (mbsize 10000): 7968.2509765625
Distance between old and new centers: 155.749893188
Cost at iter 49 (mbsize 10000): 7969.2548828125
Maximum iterations [50] reached
clustering for 50 rounds, from cost 10015.328125->7968.25097656, in 903.198ms
Cost at iter 0 (mbsize 10000): 10152.9736328125
Cost at iter 10 (mbsize 10000): 17616.328125
Cost at iter 20 (mbsize 10000): 17618.7109375
Cost at iter 30 (mbsize 10000): 17617.50390625
Cost at iter 40 (mbsize 10000): 17616.77734375
Cost at iter 49 (mbsize 10000): 17616.8671875
Maximum iterations [50] reached
clustering for 50 rounds, from cost 10152.9736328->10152.9736328, in 22774.9ms
Cost at iter 0 (mbsize 10000): 1386471.25
Cost at iter 10 (mbsize 10000): 917634.6875
Distance between old and new centers: 879.397460938
Cost at iter 20 (mbsize 10000): 921794.125
Cost at iter 30 (mbsize 10000): 921813.5
Cost at iter 40 (mbsize 10000): 923270.375
Cost at iter 49 (mbsize 10000): 921528.8125
Maximum iterations [50] reached
clustering for 50 rounds, from cost 1386471.25->917634.6875, in 1572.35ms
Cost at iter 0 (mbsize 10000): 7362.734375
Cost at iter 10 (mbsize 10000): 5483.7685546875
Distance between old and new centers: 881.97644043
Cost at iter 20 (mbsize 10000): 5455.1884765625
Distance between old and new centers: 178.059143066
Cost at iter 30 (mbsize 10000): 5456.0029296875
Cost at iter 40 (mbsize 10000): 5451.67333984375
Distance between old and new centers: 102.433189392
Cost at iter 49 (mbsize 10000): 5452.65966796875
Maximum iterations [50] reached
clustering for 50 rounds, from cost 7362.734375->5451.67333984, in 1031.34ms
	Command being timed: "python3 pipeline.py -M3 -M4 -M5 -M7 -M9 -M10 -M15 --densify --dataset pbmc --nthreads 20 --maxiter 50 --mbsize 10000 --prior 1. --hvg 50 --lspp 25"
	User time (seconds): 550.43
	System time (seconds): 26.83
	Percent of CPU this job got: 1227%
	Elapsed (wall clock) time (h:mm:ss or m:ss): 0:47.04
	Average shared text size (kbytes): 0
	Average unshared data size (kbytes): 0
	Average stack size (kbytes): 0
	Average total size (kbytes): 0
	Maximum resident set size (kbytes): 1398752
	Average resident set size (kbytes): 0
	Major (requiring I/O) page faults: 0
	Minor (reclaiming a frame) page faults: 2119913
	Voluntary context switches: 18823
	Involuntary context switches: 1054
	Swaps: 0
	File system inputs: 0
	File system outputs: 40
	Socket messages sent: 0
	Socket messages received: 0
	Signals delivered: 0
	Page size (bytes): 4096
	Exit status: 0
