Parsed matrix of 68579/32738
Cost at iter 0 (mbsize 10000): 193430912
Cost at iter 10 (mbsize 10000): 109280080
Distance between old and new centers: 1049.20715332
Cost at iter 20 (mbsize 10000): 109008512
Distance between old and new centers: 197.234649658
Cost at iter 30 (mbsize 10000): 108955232
Distance between old and new centers: 212.483642578
Cost at iter 40 (mbsize 10000): 108934144
Distance between old and new centers: 228.510635376
Cost at iter 49 (mbsize 10000): 108836000
Distance between old and new centers: 221.71963501
Maximum iterations [50] reached
clustering for 50 rounds, from cost 193430912->108836000, in 9267.42ms
Cost at iter 0 (mbsize 10000): 12391.22265625
Cost at iter 10 (mbsize 10000): 9164.375
Distance between old and new centers: 1209.73571777
Cost at iter 20 (mbsize 10000): 9163.5966796875
Distance between old and new centers: 200.340118408
Cost at iter 30 (mbsize 10000): 9159.267578125
Distance between old and new centers: 259.083404541
Cost at iter 40 (mbsize 10000): 9158.998046875
Distance between old and new centers: 154.696136475
Cost at iter 49 (mbsize 10000): 9160.880859375
Maximum iterations [50] reached
clustering for 50 rounds, from cost 12391.2226562->9158.99804688, in 14868.2ms
Cost at iter 0 (mbsize 10000): 2280.875
Cost at iter 10 (mbsize 10000): 1231.223876953125
Distance between old and new centers: 1264.16064453
Cost at iter 20 (mbsize 10000): 1231.576171875
Cost at iter 30 (mbsize 10000): 1230.9183349609375
Distance between old and new centers: 235.42300415
Cost at iter 40 (mbsize 10000): 1230.72509765625
Distance between old and new centers: 179.724273682
Cost at iter 49 (mbsize 10000): 1230.6304931640625
Distance between old and new centers: 157.373474121
Maximum iterations [50] reached
clustering for 50 rounds, from cost 2280.875->1230.63049316, in 16586.4ms
Cost at iter 0 (mbsize 10000): 9198.912109375
Cost at iter 10 (mbsize 10000): 5039.828125
Distance between old and new centers: 1265.91772461
Cost at iter 20 (mbsize 10000): 4998.32470703125
Distance between old and new centers: 278.772125244
Cost at iter 30 (mbsize 10000): 5000.9052734375
Cost at iter 40 (mbsize 10000): 5007.251953125
Cost at iter 49 (mbsize 10000): 5008.7158203125
Maximum iterations [50] reached
clustering for 50 rounds, from cost 9198.91210938->4998.32470703, in 12772.7ms
Cost at iter 0 (mbsize 10000): 12444.849609375
Cost at iter 10 (mbsize 10000): 10179.2109375
Distance between old and new centers: 1818.40649414
Cost at iter 20 (mbsize 10000): 10213.826171875
Cost at iter 30 (mbsize 10000): 10246.935546875
Cost at iter 40 (mbsize 10000): 10206.693359375
Cost at iter 49 (mbsize 10000): 10214.19140625
Maximum iterations [50] reached
clustering for 50 rounds, from cost 12444.8496094->10179.2109375, in 13330.5ms
Cost at iter 0 (mbsize 10000): 12499.4111328125
Cost at iter 10 (mbsize 10000): 12948.98828125
Cost at iter 20 (mbsize 10000): 12819.0107421875
Cost at iter 30 (mbsize 10000): 13170.9033203125
Cost at iter 40 (mbsize 10000): 13027.513671875
Cost at iter 49 (mbsize 10000): 13138.4140625
Maximum iterations [50] reached
clustering for 50 rounds, from cost 12499.4111328->12499.4111328, in 1.07242e+06ms
Cost at iter 0 (mbsize 10000): 9017018
Cost at iter 10 (mbsize 10000): 5511345.5
Distance between old and new centers: 1853.10351562
Cost at iter 20 (mbsize 10000): 5634828.5
Cost at iter 30 (mbsize 10000): 5632314
Cost at iter 40 (mbsize 10000): 5523284.5
Cost at iter 49 (mbsize 10000): 5626229.5
Maximum iterations [50] reached
clustering for 50 rounds, from cost 9017018->5511345.5, in 20493.6ms
Cost at iter 0 (mbsize 10000): 14067.8916015625
Cost at iter 10 (mbsize 10000): 6897.634765625
Distance between old and new centers: 1143.00231934
Cost at iter 20 (mbsize 10000): 6924.82763671875
Cost at iter 30 (mbsize 10000): 6868.611328125
Distance between old and new centers: 168.324676514
Cost at iter 40 (mbsize 10000): 6883.2333984375
Cost at iter 49 (mbsize 10000): 6907.3251953125
Maximum iterations [50] reached
clustering for 50 rounds, from cost 14067.8916016->6868.61132812, in 9041.51ms
	Command being timed: "python3 pipeline.py -M3 -M4 -M5 -M7 -M9 -M10 -M15 --densify --dataset pbmc --nthreads 20 --maxiter 50 --mbsize 10000 --prior 1. --hvg 1000 --lspp 25"
	User time (seconds): 4027.34
	System time (seconds): 103.89
	Percent of CPU this job got: 330%
	Elapsed (wall clock) time (h:mm:ss or m:ss): 20:51.16
	Average shared text size (kbytes): 0
	Average unshared data size (kbytes): 0
	Average stack size (kbytes): 0
	Average total size (kbytes): 0
	Maximum resident set size (kbytes): 1456072
	Average resident set size (kbytes): 0
	Major (requiring I/O) page faults: 0
	Minor (reclaiming a frame) page faults: 9923627
	Voluntary context switches: 41312
	Involuntary context switches: 7429
	Swaps: 0
	File system inputs: 0
	File system outputs: 120
	Socket messages sent: 0
	Socket messages received: 0
	Signals delivered: 0
	Page size (bytes): 4096
	Exit status: 0
