Parsed matrix of 68579/32738
Cost at iter 0 (mbsize 10000): 219962464
Cost at iter 10 (mbsize 10000): 125654744
Distance between old and new centers: 1143.59643555
Cost at iter 20 (mbsize 10000): 125423552
Distance between old and new centers: 208.163970947
Cost at iter 30 (mbsize 10000): 125248000
Distance between old and new centers: 181.075912476
Cost at iter 40 (mbsize 10000): 125226208
Distance between old and new centers: 190.031555176
Cost at iter 49 (mbsize 10000): 125193648
Distance between old and new centers: 180.21055603
Maximum iterations [50] reached
clustering for 50 rounds, from cost 219962464->125193648, in 28441.7ms
Cost at iter 0 (mbsize 10000): 30719.6875
Cost at iter 10 (mbsize 10000): 26194.779296875
Distance between old and new centers: 1836.65380859
Cost at iter 20 (mbsize 10000): 26236.529296875
Cost at iter 30 (mbsize 10000): 26234.279296875
Cost at iter 40 (mbsize 10000): 26242.193359375
Cost at iter 49 (mbsize 10000): 26235.091796875
Maximum iterations [50] reached
clustering for 50 rounds, from cost 30719.6875->26194.7792969, in 45067.7ms
Cost at iter 0 (mbsize 10000): 13841.455078125
Cost at iter 10 (mbsize 10000): 10008.11328125
Distance between old and new centers: 2347.10449219
Cost at iter 20 (mbsize 10000): 10035.8828125
Cost at iter 30 (mbsize 10000): 10034.4794921875
Cost at iter 40 (mbsize 10000): 10040.9931640625
Cost at iter 49 (mbsize 10000): 10040.4736328125
Maximum iterations [50] reached
clustering for 50 rounds, from cost 13841.4550781->10008.1132812, in 45240.9ms
Cost at iter 0 (mbsize 10000): 88416.59375
Cost at iter 10 (mbsize 10000): 61553.4140625
Distance between old and new centers: 1926.00170898
Cost at iter 20 (mbsize 10000): 61447.5390625
Distance between old and new centers: 1631.16186523
Cost at iter 30 (mbsize 10000): 61493.375
Cost at iter 40 (mbsize 10000): 61609.12109375
Cost at iter 49 (mbsize 10000): 61604.50390625
Maximum iterations [50] reached
clustering for 50 rounds, from cost 88416.59375->61447.5390625, in 37399.9ms
Cost at iter 0 (mbsize 10000): 28328.833984375
Cost at iter 10 (mbsize 10000): 25739.12109375
Distance between old and new centers: 1839.02600098
Cost at iter 20 (mbsize 10000): 25771.193359375
Cost at iter 30 (mbsize 10000): 25706.62109375
Distance between old and new centers: 995.995605469
Cost at iter 40 (mbsize 10000): 25766.3203125
Cost at iter 49 (mbsize 10000): 25857.53515625
Maximum iterations [50] reached
clustering for 50 rounds, from cost 28328.8339844->25706.6210938, in 31622.9ms
Cost at iter 0 (mbsize 10000): 28457.30859CostCost at iter 10 (mbsize 10000): 29040.7Cost at iCost at iter 20 (mbsize 10000): 28573.Cost at itCost at iter 30 (mbsize 10000): 287Cost at iteCost at iter 40 (mbsize 10000): 28697.71484375
Cost at iter 49 (mbsize 10000): 29012.947265625
Maximum iterations [50] reached
clustering for 50 rounds, from cost 28457.3085938->28457.3085938, in 2.05775e+06ms
Cost at iter 0 (mbsize 10000): 26244016
Cost at iter 10 (mbsize 10000): 26383666
Cost at iter 20 (mbsize 10000): 26536492
Cost at iter 30 (mbsize 10000): 26438134
Cost at iter 40 (mbsize 10000): 24468750
Distance between old and new centers: 1760.62902832
Cost at iter 49 (mbsize 10000): 26512776
Maximum iterations [50] reached
clustering for 50 rounds, from cost 26244016->24468750, in 44025.2ms
Cost at iter 0 (mbsize 10000): 15865.0224609375
Cost at iter 10 (mbsize 10000): 8681.1328125
Distance between old and new centers: 1356.48498535
Cost at iter 20 (mbsize 10000): 8672.72265625
Distance between old and new centers: 485.549987793
Cost at iter 30 (mbsize 10000): 8660.615234375
Distance between old and new centers: 672.470825195
Cost at iter 40 (mbsize 10000): 8675.95703125
Cost at iter 49 (mbsize 10000): 8652.8486328125
Distance between old and new centers: 622.321533203
Maximum iterations [50] reached
clustering for 50 rounds, from cost 15865.0224609->8652.84863281, in 28705.7ms
	Command being timed: "python3 pipeline.py -M3 -M4 -M5 -M7 -M9 -M10 -M15 --densify --dataset pbmc --nthreads 20 --maxiter 50 --mbsize 10000 --prior 0.01 --hvg 5000 --lspp 25"
	User time (seconds): 8294.66
	System time (seconds): 195.61
	Percent of CPU this job got: 342%
	Elapsed (wall clock) time (h:mm:ss or m:ss): 41:17.24
	Average shared text size (kbytes): 0
	Average unshared data size (kbytes): 0
	Average stack size (kbytes): 0
	Average total size (kbytes): 0
	Maximum resident set size (kbytes): 1649644
	Average resident set size (kbytes): 0
	Major (requiring I/O) page faults: 0
	Minor (reclaiming a frame) page faults: 24510816
	Voluntary context switches: 40518
	Involuntary context switches: 11378
	Swaps: 0
	File system inputs: 0
	File system outputs: 184
	Socket messages sent: 0
	Socket messages received: 0
	Signals delivered: 0
	Page size (bytes): 4096
	Exit status: 0
