Parsed matrix of 68579/32738
Cost at iter 0 (mbsize 10000): 186210480
Cost at iter 10 (mbsize 10000): 101862400
Distance between old and new centers: 1059.93334961
Cost at iter 20 (mbsize 10000): 101335328
Distance between old and new centers: 186.316650391
Cost at iter 30 (mbsize 10000): 100952016
Distance between old and new centers: 197.657241821
Cost at iter 40 (mbsize 10000): 100958544
Cost at iter 49 (mbsize 10000): 100878256
Distance between old and new centers: 183.086685181
Maximum iterations [50] reached
clustering for 50 rounds, from cost 186210480->100878256, in 5489.11ms
Cost at iter 0 (mbsize 10000): 13053.1259765625
Cost at iter 10 (mbsize 10000): 9616.0478515625
Distance between old and new centers: 1140.18688965
Cost at iter 20 (mbsize 10000): 9616.9619140625
Cost at iter 30 (mbsize 10000): 9613.9404296875
Distance between old and new centers: 374.97442627
Cost at iter 40 (mbsize 10000): 9615.23046875
Cost at iter 49 (mbsize 10000): 9615.3125
Maximum iterations [50] reached
clustering for 50 rounds, from cost 13053.1259766->9613.94042969, in 8725.76ms
Cost at iter 0 (mbsize 10000): 2566.90185546875
Cost at iter 10 (mbsize 10000): 1372.7109375
Distance between old and new centers: 1261.0534668
Cost at iter 20 (mbsize 10000): 1372.273193359375
Distance between old and new centers: 203.349914551
Cost at iter 30 (mbsize 10000): 1361.6019287109375
Distance between old and new centers: 284.804931641
Cost at iter 40 (mbsize 10000): 1359.45849609375
Distance between old and new centers: 239.425292969
Cost at iter 49 (mbsize 10000): 1359.754638671875
Maximum iterations [50] reached
clustering for 50 rounds, from cost 2566.90185547->1359.45849609, in 9446.06ms
Cost at iter 0 (mbsize 10000): 10325.7021484375
Cost at iter 10 (mbsize 10000): 5684.0703125
Distance between old and new centers: 1149.70654297
Cost at iter 20 (mbsize 10000): 5639.24609375
Distance between old and new centers: 315.073608398
Cost at iter 30 (mbsize 10000): 5641.54833984375
Cost at iter 40 (mbsize 10000): 5648.9599609375
Cost at iter 49 (mbsize 10000): 5637.97607421875
Distance between old and new centers: 403.826751709
Maximum iterations [50] reached
clustering for 50 rounds, from cost 10325.7021484->5637.97607422, in 8278.21ms
Cost at iter 0 (mbsize 10000): 13836.6630859375
Cost at iter 10 (mbsize 10000): 10701.1328125
Distance between old and new centers: 1628.35021973
Cost at iter 20 (mbsize 10000): 10763.9375
Cost at iter 30 (mbsize 10000): 10772.4560546875
Cost at iter 40 (mbsize 10000): 10767.8056640625
Cost at iter 49 (mbsize 10000): 10787.5517578125
Maximum iterations [50] reached
clustering for 50 rounds, from cost 13836.6630859->10701.1328125, in 8806.9ms
Cost at iter 0 (mbsize 10000): 13723.4375
Cost at iter 10 (mbsize 10000): 14321.0498046875
Cost at iter 20 (mbsize 10000): 14087.4287109375
Cost at iter 30 (mbsize 10000): 14578.94140625
Cost at iter 40 (mbsize 10000): 14478.4326171875
Cost at iter 49 (mbsize 10000): 14513.453125
Maximum iterations [50] reached
clustering for 50 rounds, from cost 13723.4375->13723.4375, in 912054ms
	Command being timed: "python3 pipeline.py -M3 --densify -M4 -M5 -M7 -M9 --dataset pbmc --nthreads 20 --maxiter 50 --mbsize 10000 --prior 1. --hvg 500 --lspp 0"
	User time (seconds): 2187.20
	System time (seconds): 53.29
	Percent of CPU this job got: 227%
	Elapsed (wall clock) time (h:mm:ss or m:ss): 16:23.07
	Average shared text size (kbytes): 0
	Average unshared data size (kbytes): 0
	Average stack size (kbytes): 0
	Average total size (kbytes): 0
	Maximum resident set size (kbytes): 1398496
	Average resident set size (kbytes): 0
	Major (requiring I/O) page faults: 0
	Minor (reclaiming a frame) page faults: 6034403
	Voluntary context switches: 4045
	Involuntary context switches: 6037
	Swaps: 0
	File system inputs: 0
	File system outputs: 96
	Socket messages sent: 0
	Socket messages received: 0
	Signals delivered: 0
	Page size (bytes): 4096
	Exit status: 0
