Parsed matrix of 68579/32738
Cost at iter 0 (mbsize 10000): 222900320
Cost at iter 10 (mbsize 10000): 125677072
Distance between old and new centers: 1134.47717285
Cost at iter 20 (mbsize 10000): 125444752
Distance between old and new centers: 256.552886963
Cost at iter 30 (mbsize 10000): 125312488
Distance between old and new centers: 180.558105469
Cost at iter 40 (mbsize 10000): 125309704
Distance between old and new centers: 221.955505371
Cost at iter 49 (mbsize 10000): 125227040
Distance between old and new centers: 242.108398438
Maximum iterations [50] reached
clustering for 50 rounds, from cost 222900320->125227040, in 27162.3ms
Cost at iter 0 (mbsize 10000): 8576.15234375
Cost at iter 10 (mbsize 10000): 6465.732421875
Distance between old and new centers: 1625.4005127
Cost at iter 20 (mbsize 10000): 6473.36572265625
Cost at iter 30 (mbsize 10000): 6478.982421875
Cost at iter 40 (mbsize 10000): 6475.4365234375
Cost at iter 49 (mbsize 10000): 6477.9990234375
Maximum iterations [50] reached
clustering for 50 rounds, from cost 8576.15234375->6465.73242188, in 53049.9ms
Cost at iter 0 (mbsize 10000): 1102.657958984375
Cost at iter 10 (mbsize 10000): 616.0794677734375
Distance between old and new centers: 1662.24291992
Cost at iter 20 (mbsize 10000): 618.1239013671875
Cost at iter 30 (mbsize 10000): 619.17431640625
Cost at iter 40 (mbsize 10000): 619.02911376953125
Cost at iter 49 (mbsize 10000): 617.363525390625
Maximum iterations [50] reached
clustering for 50 rounds, from cost 1102.65795898->616.079467773, in 52856ms
Cost at iter 0 (mbsize 10000): 4455.9267578125
Cost at iter 10 (mbsize 10000): 2495.5283203125
Distance between old and new centers: 2081.7565918
Cost at iter 20 (mbsize 10000): 2477.236328125
Distance between old and new centers: 1514.00048828
Cost at iter 30 (mbsize 10000): 2523.19677734375
Cost at iter 40 (mbsize 10000): 2507.540283203125
Cost at iter 49 (mbsize 10000): 2544.23779296875
Maximum iterations [50] reached
clustering for 50 rounds, from cost 4455.92675781->2477.23632812, in 41370.6ms
Cost at iter 0 (mbsize 10000): 6296.31689453125
Cost at iter 10 (mbsize 10000): 5485.5498046875
Distance between old and new centers: 2119.27050781
Cost at iter 20 (mbsize 10000): 5501.1015625
Cost at iter 30 (mbsize 10000): 5526.22412109375
Cost at iter 40 (mbsize 10000): 5616.421875
Cost at iter 49 (mbsize 10000): 5503.2958984375
Maximum iterations [50] reached
clustering for 50 rounds, from cost 6296.31689453->5485.54980469, in 28278.3ms
Cost at iter 0 (mbsize 10000): 6365.65478515625
Cost at iter 10 (mbsize 10000): 6499.171875
Cost at iter 20 (mbsize 10000): 6401.32080078125
Cost at iter 30 (mbsize 10000): 6360.375
Distance between old and new centers: 2168.54736328
Cost at iter 40 (mbsize 10000): 6366.681640625
Cost at iter 49 (mbsize 10000): 6421.056640625
Maximum iterations [50] reached
clustering for 50 rounds, from cost 6365.65478516->6360.375, in 1.98196e+06ms
Cost at iter 0 (mbsize 10000): 13793317
Cost at iter 10 (mbsize 10000): 8117120
Distance between old and new centers: 1898.94726562
Cost at iter 20 (mbsize 10000): 8229216
Cost at iter 30 (mbsize 10000): 8328917
Cost at iter 40 (mbsize 10000): 8303878.5
Cost at iter 49 (mbsize 10000): 8436164
Maximum iterations [50] reached
clustering for 50 rounds, from cost 13793317->8117120, in 50915.4ms
Cost at iter 0 (mbsize 10000): 13712.8828125
Cost at iter 10 (mbsize 10000): 6619.841796875
Distance between old and new centers: 1389.69848633
Cost at iter 20 (mbsize 10000): 6583.513671875
Distance between old and new centers: 475.466796875
Cost at iter 30 (mbsize 10000): 6585.0205078125
Cost at iter 40 (mbsize 10000): 6574.49658203125
Distance between old and new centers: 854.485229492
Cost at iter 49 (mbsize 10000): 6615.92333984375
Maximum iterations [50] reached
clustering for 50 rounds, from cost 13712.8828125->6574.49658203, in 28920.5ms
	Command being timed: "python3 pipeline.py -M3 -M4 -M5 -M7 -M9 -M10 -M15 --densify --dataset pbmc --nthreads 20 --maxiter 50 --mbsize 10000 --prior 1. --hvg 5000 --lspp 25"
	User time (seconds): 8981.50
	System time (seconds): 148.97
	Percent of CPU this job got: 375%
	Elapsed (wall clock) time (h:mm:ss or m:ss): 40:29.81
	Average shared text size (kbytes): 0
	Average unshared data size (kbytes): 0
	Average stack size (kbytes): 0
	Average total size (kbytes): 0
	Maximum resident set size (kbytes): 1649664
	Average resident set size (kbytes): 0
	Major (requiring I/O) page faults: 0
	Minor (reclaiming a frame) page faults: 16683919
	Voluntary context switches: 28275
	Involuntary context switches: 9920
	Swaps: 0
	File system inputs: 0
	File system outputs: 192
	Socket messages sent: 0
	Socket messages received: 0
	Signals delivered: 0
	Page size (bytes): 4096
	Exit status: 0
