Parsed matrix of 68579/32738
Cost at iter 0 (mbsize 10000): 211537088
Cost at iter 10 (mbsize 10000): 119487040
Distance between old and new centers: 1099.07446289
Cost at iter 20 (mbsize 10000): 119211504
Distance between old and new centers: 210.67477417
Cost at iter 30 (mbsize 10000): 119149552
Distance between old and new centers: 225.708099365
Cost at iter 40 (mbsize 10000): 119126320
Distance between old and new centers: 233.344390869
Cost at iter 49 (mbsize 10000): 119027808
Distance between old and new centers: 227.741287231
Maximum iterations [50] reached
clustering for 50 rounds, from cost 211537088->119027808, in 16387.5ms
Cost at iter 0 (mbsize 10000): 24244.037109375
Cost at iter 10 (mbsize 10000): 18786.703125
Distance between old and new centers: 1793.08447266
Cost at iter 20 (mbsize 10000): 18839.130859375
Cost at iter 30 (mbsize 10000): 18856.10546875
Cost at iter 40 (mbsize 10000): 18854.3203125
Cost at iter 49 (mbsize 10000): 18858.61328125
Maximum iterations [50] reached
clustering for 50 rounds, from cost 24244.0371094->18786.703125, in 34335.7ms
Cost at iter 0 (mbsize 10000): 8730.4892578125
Cost at iter 10 (mbsize 10000): 5192.4501953125
Distance between old and new centers: 1805.06799316
Cost at iter 20 (mbsize 10000): 5206.7939453125
Cost at iter 30 (mbsize 10000): 5215.08154296875
Cost at iter 40 (mbsize 10000): 5216.7353515625
Cost at iter 49 (mbsize 10000): 5218.6162109375
Maximum iterations [50] reached
clustering for 50 rounds, from cost 8730.48925781->5192.45019531, in 33655.1ms
Cost at iter 0 (mbsize 10000): 41356.609375
Cost at iter 10 (mbsize 10000): 23494.294921875
Distance between old and new centers: 1880.40893555
Cost at iter 20 (mbsize 10000): 23643.0625
Cost at iter 30 (mbsize 10000): 23643.638671875
Cost at iter 40 (mbsize 10000): 23657.775390625
Cost at iter 49 (mbsize 10000): 23659.8671875
Maximum iterations [50] reached
clustering for 50 rounds, from cost 41356.609375->23494.2949219, in 30592.6ms
Cost at iter 0 (mbsize 10000): 23143.7734375
Cost at iter 10 (mbsize 10000): 19773.5
Distance between old and new centers: 1607.03662109
Cost at iter 20 (mbsize 10000): 19783.626953125
Cost at iter 30 (mbsize 10000): 19465.47265625
Distance between old and new centers: 1233.28808594
Cost at iter 40 (mbsize 10000): 19726.5390625
Cost at iter 49 (mbsize 10000): 19874.146484375
Maximum iterations [50] reached
clustering for 50 rounds, from cost 23143.7734375->19465.4726562, in 22455.3ms
Cost at iter 0 (mbsize 10000): 23006.728515625
Cost at iter 10 (mbsize 10000): 23461.4375
Cost at iter 20 (mbsize 10000): 23409.38671875
Cost at iter 30 (mbsize 10000): 23317.451171875
Cost at iter 40 (mbsize 10000): 23574.359375
Cost at iter 49 (mbsize 10000): 23264.576171875
Maximum iterations [50] reached
clustering for 50 rounds, from cost 23006.7285156->23006.7285156, in 1.46995e+06ms
Cost at iter 0 (mbsize 10000): 19795584
Cost at iter 10 (mbsize 10000): 15370652
Distance between old and new centers: 1986.26342773
Cost at iter 20 (mbsize 10000): 15353655
Distance between old and new centers: 1549.50292969
Cost at iter 30 (mbsize 10000): 15354218
Cost at iter 40 (mbsize 10000): 15337041
Distance between old and new centers: 1530.41040039
Cost at iter 49 (mbsize 10000): 15286299
Distance between old and new centers: 1627.62426758
Maximum iterations [50] reached
clustering for 50 rounds, from cost 19795584->15286299, in 31812ms
Cost at iter 0 (mbsize 10000): 15425.4638671875
Cost at iter 10 (mbsize 10000): 8326.8828125
Distance between old and new centers: 1242.97314453
Cost at iter 20 (mbsize 10000): 8382.572265625
Cost at iter 30 (mbsize 10000): 8338.14453125
Cost at iter 40 (mbsize 10000): 8360.369140625
Cost at iter 49 (mbsize 10000): 8317.1015625
Distance between old and new centers: 472.797271729
Maximum iterations [50] reached
clustering for 50 rounds, from cost 15425.4638672->8317.1015625, in 17317.9ms
	Command being timed: "python3 pipeline.py -M3 -M4 -M5 -M7 -M9 -M10 -M15 --densify --dataset pbmc --nthreads 20 --maxiter 50 --mbsize 10000 --prior 0.1 --hvg 2500 --lspp 25"
	User time (seconds): 6370.58
	System time (seconds): 161.44
	Percent of CPU this job got: 368%
	Elapsed (wall clock) time (h:mm:ss or m:ss): 29:33.08
	Average shared text size (kbytes): 0
	Average unshared data size (kbytes): 0
	Average stack size (kbytes): 0
	Average total size (kbytes): 0
	Maximum resident set size (kbytes): 1574632
	Average resident set size (kbytes): 0
	Major (requiring I/O) page faults: 0
	Minor (reclaiming a frame) page faults: 17930314
	Voluntary context switches: 35450
	Involuntary context switches: 9603
	Swaps: 0
	File system inputs: 0
	File system outputs: 144
	Socket messages sent: 0
	Socket messages received: 0
	Signals delivered: 0
	Page size (bytes): 4096
	Exit status: 0
