Parsed matrix of 68579/32738
Cost at iter 0 (mbsize 10000): 222357664
Cost at iter 10 (mbsize 10000): 125769632
Distance between old and new centers: 1139.828125
Cost at iter 20 (mbsize 10000): 125418864
Distance between old and new centers: 305.413208008
Cost at iter 30 (mbsize 10000): 124815072
Distance between old and new centers: 259.051696777
Cost at iter 40 (mbsize 10000): 124757720
Distance between old and new centers: 195.297317505
Cost at iter 49 (mbsize 10000): 124660112
Distance between old and new centers: 166.38180542
Maximum iterations [50] reached
clustering for 50 rounds, from cost 222357664->124660112, in 26953.6ms
Cost at iter 0 (mbsize 10000): 23885.12890625
Cost at iter 10 (mbsize 10000): 18369.55859375
Distance between old and new centers: 1600.07348633
Cost at iter 20 (mbsize 10000): 18412.16015625
Cost at iter 30 (mbsize 10000): 18421.30859375
Cost at iter 40 (mbsize 10000): 18438.55859375
Cost at iter 49 (mbsize 10000): 18455.8359375
Maximum iterations [50] reached
clustering for 50 rounds, from cost 23885.1289062->18369.5585938, in 50179.8ms
Cost at iter 0 (mbsize 10000): 8363.5888671875
Cost at iter 10 (mbsize 10000): 4936.9951171875
Distance between old and new centers: 1866.29138184
Cost at iter 20 (mbsize 10000): 4962.453125
Cost at iter 30 (mbsize 10000): 4974.03515625
Cost at iter 40 (mbsize 10000): 4988.6298828125
Cost at iter 49 (mbsize 10000): 4995.1611328125
Maximum iterations [50] reached
clustering for 50 rounds, from cost 8363.58886719->4936.99511719, in 49950.4ms
Cost at iter 0 (mbsize 10000): 40433.7109375
Cost at iter 10 (mbsize 10000): 21703.869140625
Distance between old and new centers: 1841.10229492
Cost at iter 20 (mbsize 10000): 21887.265625
Cost at iter 30 (mbsize 10000): 21753.203125
Cost at iter 40 (mbsize 10000): 21958.7421875
Cost at iter 49 (mbsize 10000): 21973.203125
Maximum iterations [50] reached
clustering for 50 rounds, from cost 40433.7109375->21703.8691406, in 40212.6ms
Cost at iter 0 (mbsize 10000): 21546.88671875
Cost at iter 10 (mbsize 10000): 18999.015625
Distance between old and new centers: 1947.85009766
Cost at iter 20 (mbsize 10000): 18843.6328125
Distance between old and new centers: 1206.13793945
Cost at iter 30 (mbsize 10000): 18613.0078125
Distance between old and new centers: 1232.24450684
Cost at iter 40 (mbsize 10000): 19026.25390625
Cost at iter 49 (mbsize 10000): 18602.90625
Distance between old and new centers: 1307.45849609
Maximum iterations [50] reached
clustering for 50 rounds, from cost 21546.8867188->18602.90625, in 28914ms
Cost at iter 0 (mbsize 10000): 21703.9765625
Cost at iter 10 (mbsize 10000): 22065.96484375
Cost at iter 20 (mbsize 10000): 21901.17578125
Cost at iter 30 (mbsize 10000): 21756.671875
Cost at iter 40 (mbsize 10000): 22078.9296875
Cost at iter 49 (mbsize 10000): 21843.23828125
Maximum iterations [50] reached
clustering for 50 rounds, from cost 21703.9765625->21703.9765625, in 1.83403e+06ms
Cost at iter 0 (mbsize 10000): 24852680
Cost at iter 10 (mbsize 10000): 18878416
Distance between old and new centers: 2254.07568359
Cost at iter 20 (mbsize 10000): 18853156
Distance between old and new centers: 1933.13037109
Cost at iter 30 (mbsize 10000): 18811896
Distance between old and new centers: 1764.23828125
Cost at iter 40 (mbsize 10000): 18761604
Distance between old and new centers: 1799.20996094
Cost at iter 49 (mbsize 10000): 18829416
Maximum iterations [50] reached
clustering for 50 rounds, from cost 24852680->18761604, in 42805.6ms
Cost at iter 0 (mbsize 10000): 15550.76953125
Cost at iter 10 (mbsize 10000): 8557.6796875
Distance between old and new centers: 1320.17150879
Cost at iter 20 (mbsize 10000): 8501.71484375
Distance between old and new centers: 547.258178711
Cost at iter 30 (mbsize 10000): 8485.86328125
Distance between old and new centers: 479.687652588
Cost at iter 40 (mbsize 10000): 8515.873046875
Cost at iter 49 (mbsize 10000): 8506.88671875
Maximum iterations [50] reached
clustering for 50 rounds, from cost 15550.7695312->8485.86328125, in 31983.7ms
	Command being timed: "python3 pipeline.py -M3 -M4 -M5 -M7 -M9 -M10 -M15 --densify --dataset pbmc --nthreads 20 --maxiter 50 --mbsize 10000 --prior 0.1 --hvg 5000 --lspp 25"
	User time (seconds): 8407.59
	System time (seconds): 176.19
	Percent of CPU this job got: 375%
	Elapsed (wall clock) time (h:mm:ss or m:ss): 38:03.69
	Average shared text size (kbytes): 0
	Average unshared data size (kbytes): 0
	Average stack size (kbytes): 0
	Average total size (kbytes): 0
	Maximum resident set size (kbytes): 1649640
	Average resident set size (kbytes): 0
	Major (requiring I/O) page faults: 0
	Minor (reclaiming a frame) page faults: 19754753
	Voluntary context switches: 28787
	Involuntary context switches: 12534
	Swaps: 0
	File system inputs: 0
	File system outputs: 184
	Socket messages sent: 0
	Socket messages received: 0
	Signals delivered: 0
	Page size (bytes): 4096
	Exit status: 0
