[get_initial_centers] Performing kmeans++
Starting kmeanspp with np = 4062980 and k = 5.
Completed kmeans++ with centers of size 5
returning 5 centers and 4062980 assignments
[get_initial_centers] Performing kmeans++
Starting kmeanspp with np = 4062980 and k = 25.
Completed kmeans++ with centers of size 25
returning 25 centers and 4062980 assignments
[get_initial_centers] Performing kmeans++
Starting kmeanspp with np = 4062980 and k = 100.
Completed kmeans++ with centers of size 100
returning 100 centers and 4062980 assignments
[get_initial_centers] Performing kmeans++
Starting kmeanspp with np = 4062980 and k = 5.
Completed kmeans++ with centers of size 5
returning 5 centers and 4062980 assignments
[get_initial_centers] Performing kmeans++
Starting kmeanspp with np = 4062980 and k = 25.
Completed kmeans++ with centers of size 25
returning 25 centers and 4062980 assignments
[get_initial_centers] Performing kmeans++
Starting kmeanspp with np = 4062980 and k = 100.
Completed kmeans++ with centers of size 100
returning 100 centers and 4062980 assignments
Completed 1 
Completed nkmc for k = 5
Completed 2 
Completed nkmc for k = 25
Completed 3 
Completed nkmc for k = 100
Completed experiment for nthreads = 32
Completed 4 
Completed nkmc for k = 5
Completed 5 
Completed nkmc for k = 25
Completed 6 
Completed nkmc for k = 100
Completed experiment for nthreads = 16
